{"/Users/2327738/Desktop/Hackathon/Frontend/src/App.jsx": {"path":"/Users/2327738/Desktop/Hackathon/Frontend/src/App.jsx","statementMap":{"0":{"start":{"line":8,"column":2},"end":{"line":32,"column":3}}},"fnMap":{"0":{"name":"App","decl":{"start":{"line":7,"column":9},"end":{"line":7,"column":12}},"loc":{"start":{"line":7,"column":15},"end":{"line":33,"column":1}},"line":7}},"branchMap":{},"s":{"0":2},"f":{"0":2},"b":{},"_coverageSchema":"1a1c01bbd47fc00a2c39e90264f33305004495a9","hash":"384b042064cad04b633785ac9c8627694d22de5a"}
,"/Users/2327738/Desktop/Hackathon/Frontend/src/main.jsx": {"path":"/Users/2327738/Desktop/Hackathon/Frontend/src/main.jsx","statementMap":{"0":{"start":{"line":6,"column":0},"end":{"line":10,"column":1}}},"fnMap":{},"branchMap":{},"s":{"0":0},"f":{},"b":{}}
,"/Users/2327738/Desktop/Hackathon/Frontend/src/components/AddStaffModal.jsx": {"path":"/Users/2327738/Desktop/Hackathon/Frontend/src/components/AddStaffModal.jsx","statementMap":{"0":{"start":{"line":8,"column":34},"end":{"line":14,"column":4}},"1":{"start":{"line":15,"column":32},"end":{"line":15,"column":47}},"2":{"start":{"line":17,"column":23},"end":{"line":89,"column":3}},"3":{"start":{"line":18,"column":4},"end":{"line":18,"column":22}},"4":{"start":{"line":19,"column":4},"end":{"line":19,"column":20}},"5":{"start":{"line":21,"column":4},"end":{"line":88,"column":5}},"6":{"start":{"line":22,"column":20},"end":{"line":22,"column":49}},"7":{"start":{"line":24,"column":22},"end":{"line":29,"column":7}},"8":{"start":{"line":32,"column":6},"end":{"line":34,"column":7}},"9":{"start":{"line":33,"column":8},"end":{"line":33,"column":38}},"10":{"start":{"line":36,"column":6},"end":{"line":36,"column":46}},"11":{"start":{"line":38,"column":23},"end":{"line":49,"column":7}},"12":{"start":{"line":51,"column":6},"end":{"line":51,"column":45}},"13":{"start":{"line":52,"column":6},"end":{"line":52,"column":40}},"14":{"start":{"line":53,"column":6},"end":{"line":59,"column":8}},"15":{"start":{"line":60,"column":6},"end":{"line":60,"column":17}},"16":{"start":{"line":61,"column":6},"end":{"line":61,"column":15}},"17":{"start":{"line":63,"column":6},"end":{"line":63,"column":47}},"18":{"start":{"line":64,"column":6},"end":{"line":64,"column":58}},"19":{"start":{"line":65,"column":6},"end":{"line":65,"column":58}},"20":{"start":{"line":67,"column":25},"end":{"line":67,"column":46}},"21":{"start":{"line":69,"column":6},"end":{"line":83,"column":7}},"22":{"start":{"line":70,"column":8},"end":{"line":70,"column":104}},"23":{"start":{"line":71,"column":13},"end":{"line":83,"column":7}},"24":{"start":{"line":72,"column":8},"end":{"line":72,"column":74}},"25":{"start":{"line":73,"column":13},"end":{"line":83,"column":7}},"26":{"start":{"line":74,"column":8},"end":{"line":80,"column":9}},"27":{"start":{"line":75,"column":10},"end":{"line":75,"column":90}},"28":{"start":{"line":76,"column":15},"end":{"line":80,"column":9}},"29":{"start":{"line":77,"column":10},"end":{"line":77,"column":69}},"30":{"start":{"line":79,"column":10},"end":{"line":79,"column":121}},"31":{"start":{"line":81,"column":13},"end":{"line":83,"column":7}},"32":{"start":{"line":82,"column":8},"end":{"line":82,"column":106}},"33":{"start":{"line":85,"column":6},"end":{"line":85,"column":25}},"34":{"start":{"line":87,"column":6},"end":{"line":87,"column":23}},"35":{"start":{"line":91,"column":2},"end":{"line":91,"column":24}},"36":{"start":{"line":91,"column":13},"end":{"line":91,"column":24}},"37":{"start":{"line":93,"column":2},"end":{"line":191,"column":3}},"38":{"start":{"line":112,"column":33},"end":{"line":112,"column":83}},"39":{"start":{"line":126,"column":33},"end":{"line":126,"column":84}},"40":{"start":{"line":138,"column":33},"end":{"line":138,"column":83}},"41":{"start":{"line":156,"column":33},"end":{"line":156,"column":83}},"42":{"start":{"line":169,"column":33},"end":{"line":169,"column":84}}},"fnMap":{"0":{"name":"AddStaffModal","decl":{"start":{"line":7,"column":9},"end":{"line":7,"column":22}},"loc":{"start":{"line":7,"column":53},"end":{"line":192,"column":1}},"line":7},"1":{"name":"(anonymous_1)","decl":{"start":{"line":17,"column":23},"end":{"line":17,"column":24}},"loc":{"start":{"line":17,"column":36},"end":{"line":89,"column":3}},"line":17},"2":{"name":"(anonymous_2)","decl":{"start":{"line":112,"column":26},"end":{"line":112,"column":27}},"loc":{"start":{"line":112,"column":33},"end":{"line":112,"column":83}},"line":112},"3":{"name":"(anonymous_3)","decl":{"start":{"line":126,"column":26},"end":{"line":126,"column":27}},"loc":{"start":{"line":126,"column":33},"end":{"line":126,"column":84}},"line":126},"4":{"name":"(anonymous_4)","decl":{"start":{"line":138,"column":26},"end":{"line":138,"column":27}},"loc":{"start":{"line":138,"column":33},"end":{"line":138,"column":83}},"line":138},"5":{"name":"(anonymous_5)","decl":{"start":{"line":156,"column":26},"end":{"line":156,"column":27}},"loc":{"start":{"line":156,"column":33},"end":{"line":156,"column":83}},"line":156},"6":{"name":"(anonymous_6)","decl":{"start":{"line":169,"column":26},"end":{"line":169,"column":27}},"loc":{"start":{"line":169,"column":33},"end":{"line":169,"column":84}},"line":169}},"branchMap":{"0":{"loc":{"start":{"line":32,"column":6},"end":{"line":34,"column":7}},"type":"if","locations":[{"start":{"line":32,"column":6},"end":{"line":34,"column":7}},{"start":{},"end":{}}],"line":32},"1":{"loc":{"start":{"line":69,"column":6},"end":{"line":83,"column":7}},"type":"if","locations":[{"start":{"line":69,"column":6},"end":{"line":83,"column":7}},{"start":{"line":71,"column":13},"end":{"line":83,"column":7}}],"line":69},"2":{"loc":{"start":{"line":69,"column":10},"end":{"line":69,"column":79}},"type":"binary-expr","locations":[{"start":{"line":69,"column":10},"end":{"line":69,"column":38}},{"start":{"line":69,"column":42},"end":{"line":69,"column":79}}],"line":69},"3":{"loc":{"start":{"line":71,"column":13},"end":{"line":83,"column":7}},"type":"if","locations":[{"start":{"line":71,"column":13},"end":{"line":83,"column":7}},{"start":{"line":73,"column":13},"end":{"line":83,"column":7}}],"line":71},"4":{"loc":{"start":{"line":73,"column":13},"end":{"line":83,"column":7}},"type":"if","locations":[{"start":{"line":73,"column":13},"end":{"line":83,"column":7}},{"start":{"line":81,"column":13},"end":{"line":83,"column":7}}],"line":73},"5":{"loc":{"start":{"line":74,"column":8},"end":{"line":80,"column":9}},"type":"if","locations":[{"start":{"line":74,"column":8},"end":{"line":80,"column":9}},{"start":{"line":76,"column":15},"end":{"line":80,"column":9}}],"line":74},"6":{"loc":{"start":{"line":76,"column":15},"end":{"line":80,"column":9}},"type":"if","locations":[{"start":{"line":76,"column":15},"end":{"line":80,"column":9}},{"start":{"line":78,"column":15},"end":{"line":80,"column":9}}],"line":76},"7":{"loc":{"start":{"line":79,"column":42},"end":{"line":79,"column":119}},"type":"binary-expr","locations":[{"start":{"line":79,"column":42},"end":{"line":79,"column":66}},{"start":{"line":79,"column":70},"end":{"line":79,"column":96}},{"start":{"line":79,"column":100},"end":{"line":79,"column":119}}],"line":79},"8":{"loc":{"start":{"line":81,"column":13},"end":{"line":83,"column":7}},"type":"if","locations":[{"start":{"line":81,"column":13},"end":{"line":83,"column":7}},{"start":{},"end":{}}],"line":81},"9":{"loc":{"start":{"line":91,"column":2},"end":{"line":91,"column":24}},"type":"if","locations":[{"start":{"line":91,"column":2},"end":{"line":91,"column":24}},{"start":{},"end":{}}],"line":91},"10":{"loc":{"start":{"line":185,"column":15},"end":{"line":185,"column":50}},"type":"cond-expr","locations":[{"start":{"line":185,"column":25},"end":{"line":185,"column":36}},{"start":{"line":185,"column":39},"end":{"line":185,"column":50}}],"line":185}},"s":{"0":36,"1":36,"2":36,"3":0,"4":0,"5":0,"6":0,"7":0,"8":0,"9":0,"10":0,"11":0,"12":0,"13":0,"14":0,"15":0,"16":0,"17":0,"18":0,"19":0,"20":0,"21":0,"22":0,"23":0,"24":0,"25":0,"26":0,"27":0,"28":0,"29":0,"30":0,"31":0,"32":0,"33":0,"34":0,"35":36,"36":36,"37":0,"38":0,"39":0,"40":0,"41":0,"42":0},"f":{"0":36,"1":0,"2":0,"3":0,"4":0,"5":0,"6":0},"b":{"0":[0,0],"1":[0,0],"2":[0,0],"3":[0,0],"4":[0,0],"5":[0,0],"6":[0,0],"7":[0,0,0],"8":[0,0],"9":[36,0],"10":[0,0]},"_coverageSchema":"1a1c01bbd47fc00a2c39e90264f33305004495a9","hash":"90a7be5f89a8fafdfb2474aff0d28630c477da41"}
,"/Users/2327738/Desktop/Hackathon/Frontend/src/components/ApplyLeaveModal.jsx": {"path":"/Users/2327738/Desktop/Hackathon/Frontend/src/components/ApplyLeaveModal.jsx","statementMap":{"0":{"start":{"line":8,"column":36},"end":{"line":8,"column":84}},"1":{"start":{"line":9,"column":40},"end":{"line":9,"column":52}},"2":{"start":{"line":10,"column":32},"end":{"line":10,"column":47}},"3":{"start":{"line":12,"column":23},"end":{"line":44,"column":3}},"4":{"start":{"line":13,"column":4},"end":{"line":16,"column":5}},"5":{"start":{"line":14,"column":6},"end":{"line":14,"column":46}},"6":{"start":{"line":15,"column":6},"end":{"line":15,"column":12}},"7":{"start":{"line":18,"column":4},"end":{"line":43,"column":5}},"8":{"start":{"line":19,"column":6},"end":{"line":19,"column":22}},"9":{"start":{"line":20,"column":20},"end":{"line":20,"column":49}},"10":{"start":{"line":21,"column":6},"end":{"line":33,"column":7}},"11":{"start":{"line":34,"column":6},"end":{"line":34,"column":41}},"12":{"start":{"line":35,"column":6},"end":{"line":35,"column":24}},"13":{"start":{"line":36,"column":6},"end":{"line":36,"column":17}},"14":{"start":{"line":37,"column":6},"end":{"line":37,"column":15}},"15":{"start":{"line":39,"column":6},"end":{"line":39,"column":49}},"16":{"start":{"line":40,"column":6},"end":{"line":40,"column":36}},"17":{"start":{"line":42,"column":6},"end":{"line":42,"column":23}},"18":{"start":{"line":46,"column":2},"end":{"line":46,"column":24}},"19":{"start":{"line":46,"column":13},"end":{"line":46,"column":24}},"20":{"start":{"line":48,"column":2},"end":{"line":92,"column":3}},"21":{"start":{"line":50,"column":53},"end":{"line":50,"column":72}},"22":{"start":{"line":67,"column":31},"end":{"line":67,"column":59}},"23":{"start":{"line":75,"column":31},"end":{"line":75,"column":61}}},"fnMap":{"0":{"name":"ApplyLeaveModal","decl":{"start":{"line":7,"column":9},"end":{"line":7,"column":24}},"loc":{"start":{"line":7,"column":62},"end":{"line":93,"column":1}},"line":7},"1":{"name":"(anonymous_1)","decl":{"start":{"line":12,"column":23},"end":{"line":12,"column":24}},"loc":{"start":{"line":12,"column":35},"end":{"line":44,"column":3}},"line":12},"2":{"name":"(anonymous_2)","decl":{"start":{"line":50,"column":46},"end":{"line":50,"column":47}},"loc":{"start":{"line":50,"column":53},"end":{"line":50,"column":72}},"line":50},"3":{"name":"(anonymous_3)","decl":{"start":{"line":67,"column":24},"end":{"line":67,"column":25}},"loc":{"start":{"line":67,"column":31},"end":{"line":67,"column":59}},"line":67},"4":{"name":"(anonymous_4)","decl":{"start":{"line":75,"column":24},"end":{"line":75,"column":25}},"loc":{"start":{"line":75,"column":31},"end":{"line":75,"column":61}},"line":75}},"branchMap":{"0":{"loc":{"start":{"line":13,"column":4},"end":{"line":16,"column":5}},"type":"if","locations":[{"start":{"line":13,"column":4},"end":{"line":16,"column":5}},{"start":{},"end":{}}],"line":13},"1":{"loc":{"start":{"line":46,"column":2},"end":{"line":46,"column":24}},"type":"if","locations":[{"start":{"line":46,"column":2},"end":{"line":46,"column":24}},{"start":{},"end":{}}],"line":46},"2":{"loc":{"start":{"line":87,"column":13},"end":{"line":87,"column":55}},"type":"cond-expr","locations":[{"start":{"line":87,"column":23},"end":{"line":87,"column":38}},{"start":{"line":87,"column":41},"end":{"line":87,"column":55}}],"line":87}},"s":{"0":44,"1":44,"2":44,"3":44,"4":5,"5":1,"6":1,"7":4,"8":4,"9":4,"10":4,"11":2,"12":2,"13":2,"14":2,"15":1,"16":1,"17":3,"18":44,"19":26,"20":18,"21":6,"22":0,"23":4},"f":{"0":44,"1":5,"2":6,"3":0,"4":4},"b":{"0":[1,4],"1":[26,18],"2":[4,14]},"_coverageSchema":"1a1c01bbd47fc00a2c39e90264f33305004495a9","hash":"c54bea2e6cbab3d9c12ae6dd30e2c92363613e2c"}
,"/Users/2327738/Desktop/Hackathon/Frontend/src/components/EditStaffModal.jsx": {"path":"/Users/2327738/Desktop/Hackathon/Frontend/src/components/EditStaffModal.jsx","statementMap":{"0":{"start":{"line":8,"column":34},"end":{"line":11,"column":4}},"1":{"start":{"line":12,"column":32},"end":{"line":12,"column":47}},"2":{"start":{"line":14,"column":2},"end":{"line":21,"column":13}},"3":{"start":{"line":15,"column":4},"end":{"line":20,"column":5}},"4":{"start":{"line":16,"column":6},"end":{"line":19,"column":8}},"5":{"start":{"line":23,"column":23},"end":{"line":48,"column":3}},"6":{"start":{"line":24,"column":4},"end":{"line":47,"column":5}},"7":{"start":{"line":25,"column":6},"end":{"line":25,"column":22}},"8":{"start":{"line":26,"column":20},"end":{"line":26,"column":49}},"9":{"start":{"line":27,"column":6},"end":{"line":38,"column":7}},"10":{"start":{"line":39,"column":6},"end":{"line":39,"column":50}},"11":{"start":{"line":40,"column":6},"end":{"line":40,"column":17}},"12":{"start":{"line":41,"column":6},"end":{"line":41,"column":15}},"13":{"start":{"line":43,"column":6},"end":{"line":43,"column":49}},"14":{"start":{"line":44,"column":6},"end":{"line":44,"column":46}},"15":{"start":{"line":46,"column":6},"end":{"line":46,"column":23}},"16":{"start":{"line":50,"column":2},"end":{"line":50,"column":24}},"17":{"start":{"line":50,"column":13},"end":{"line":50,"column":24}},"18":{"start":{"line":52,"column":2},"end":{"line":100,"column":3}},"19":{"start":{"line":54,"column":53},"end":{"line":54,"column":72}},"20":{"start":{"line":71,"column":31},"end":{"line":71,"column":81}},"21":{"start":{"line":80,"column":31},"end":{"line":80,"column":82}}},"fnMap":{"0":{"name":"EditStaffModal","decl":{"start":{"line":7,"column":9},"end":{"line":7,"column":23}},"loc":{"start":{"line":7,"column":61},"end":{"line":101,"column":1}},"line":7},"1":{"name":"(anonymous_1)","decl":{"start":{"line":14,"column":12},"end":{"line":14,"column":13}},"loc":{"start":{"line":14,"column":18},"end":{"line":21,"column":3}},"line":14},"2":{"name":"(anonymous_2)","decl":{"start":{"line":23,"column":23},"end":{"line":23,"column":24}},"loc":{"start":{"line":23,"column":35},"end":{"line":48,"column":3}},"line":23},"3":{"name":"(anonymous_3)","decl":{"start":{"line":54,"column":46},"end":{"line":54,"column":47}},"loc":{"start":{"line":54,"column":53},"end":{"line":54,"column":72}},"line":54},"4":{"name":"(anonymous_4)","decl":{"start":{"line":71,"column":24},"end":{"line":71,"column":25}},"loc":{"start":{"line":71,"column":31},"end":{"line":71,"column":81}},"line":71},"5":{"name":"(anonymous_5)","decl":{"start":{"line":80,"column":24},"end":{"line":80,"column":25}},"loc":{"start":{"line":80,"column":31},"end":{"line":80,"column":82}},"line":80}},"branchMap":{"0":{"loc":{"start":{"line":15,"column":4},"end":{"line":20,"column":5}},"type":"if","locations":[{"start":{"line":15,"column":4},"end":{"line":20,"column":5}},{"start":{},"end":{}}],"line":15},"1":{"loc":{"start":{"line":17,"column":14},"end":{"line":17,"column":66}},"type":"binary-expr","locations":[{"start":{"line":17,"column":14},"end":{"line":17,"column":24}},{"start":{"line":17,"column":28},"end":{"line":17,"column":66}}],"line":17},"2":{"loc":{"start":{"line":18,"column":15},"end":{"line":18,"column":54}},"type":"binary-expr","locations":[{"start":{"line":18,"column":15},"end":{"line":18,"column":41}},{"start":{"line":18,"column":45},"end":{"line":18,"column":54}}],"line":18},"3":{"loc":{"start":{"line":50,"column":2},"end":{"line":50,"column":24}},"type":"if","locations":[{"start":{"line":50,"column":2},"end":{"line":50,"column":24}},{"start":{},"end":{}}],"line":50},"4":{"loc":{"start":{"line":64,"column":38},"end":{"line":64,"column":55}},"type":"binary-expr","locations":[{"start":{"line":64,"column":38},"end":{"line":64,"column":49}},{"start":{"line":64,"column":53},"end":{"line":64,"column":55}}],"line":64},"5":{"loc":{"start":{"line":95,"column":13},"end":{"line":95,"column":51}},"type":"cond-expr","locations":[{"start":{"line":95,"column":23},"end":{"line":95,"column":34}},{"start":{"line":95,"column":37},"end":{"line":95,"column":51}}],"line":95}},"s":{"0":71,"1":71,"2":71,"3":27,"4":13,"5":71,"6":5,"7":5,"8":5,"9":5,"10":3,"11":3,"12":3,"13":1,"14":1,"15":4,"16":71,"17":36,"18":35,"19":6,"20":0,"21":3},"f":{"0":71,"1":27,"2":5,"3":6,"4":0,"5":3},"b":{"0":[13,14],"1":[13,2],"2":[13,0],"3":[36,35],"4":[35,0],"5":[5,30]},"_coverageSchema":"1a1c01bbd47fc00a2c39e90264f33305004495a9","hash":"6925513a0900a655e3ae6f83518dce995b53e795"}
,"/Users/2327738/Desktop/Hackathon/Frontend/src/components/LoginCard.jsx": {"path":"/Users/2327738/Desktop/Hackathon/Frontend/src/components/LoginCard.jsx","statementMap":{"0":{"start":{"line":9,"column":34},"end":{"line":9,"column":46}},"1":{"start":{"line":10,"column":34},"end":{"line":10,"column":46}},"2":{"start":{"line":11,"column":42},"end":{"line":11,"column":57}},"3":{"start":{"line":12,"column":38},"end":{"line":12,"column":53}},"4":{"start":{"line":13,"column":28},"end":{"line":13,"column":40}},"5":{"start":{"line":14,"column":32},"end":{"line":14,"column":47}},"6":{"start":{"line":15,"column":44},"end":{"line":15,"column":56}},"7":{"start":{"line":16,"column":44},"end":{"line":16,"column":56}},"8":{"start":{"line":17,"column":19},"end":{"line":17,"column":32}},"9":{"start":{"line":19,"column":2},"end":{"line":32,"column":16}},"10":{"start":{"line":21,"column":18},"end":{"line":21,"column":47}},"11":{"start":{"line":22,"column":4},"end":{"line":24,"column":5}},"12":{"start":{"line":23,"column":6},"end":{"line":23,"column":28}},"13":{"start":{"line":27,"column":31},"end":{"line":27,"column":73}},"14":{"start":{"line":28,"column":4},"end":{"line":31,"column":5}},"15":{"start":{"line":29,"column":6},"end":{"line":29,"column":37}},"16":{"start":{"line":30,"column":6},"end":{"line":30,"column":25}},"17":{"start":{"line":34,"column":27},"end":{"line":44,"column":3}},"18":{"start":{"line":35,"column":4},"end":{"line":41,"column":5}},"19":{"start":{"line":36,"column":6},"end":{"line":36,"column":46}},"20":{"start":{"line":37,"column":6},"end":{"line":37,"column":18}},"21":{"start":{"line":38,"column":11},"end":{"line":41,"column":5}},"22":{"start":{"line":39,"column":6},"end":{"line":39,"column":64}},"23":{"start":{"line":40,"column":6},"end":{"line":40,"column":18}},"24":{"start":{"line":42,"column":4},"end":{"line":42,"column":24}},"25":{"start":{"line":43,"column":4},"end":{"line":43,"column":15}},"26":{"start":{"line":46,"column":27},"end":{"line":56,"column":3}},"27":{"start":{"line":47,"column":4},"end":{"line":53,"column":5}},"28":{"start":{"line":48,"column":6},"end":{"line":48,"column":46}},"29":{"start":{"line":49,"column":6},"end":{"line":49,"column":18}},"30":{"start":{"line":50,"column":11},"end":{"line":53,"column":5}},"31":{"start":{"line":51,"column":6},"end":{"line":51,"column":64}},"32":{"start":{"line":52,"column":6},"end":{"line":52,"column":18}},"33":{"start":{"line":54,"column":4},"end":{"line":54,"column":24}},"34":{"start":{"line":55,"column":4},"end":{"line":55,"column":15}},"35":{"start":{"line":58,"column":23},"end":{"line":156,"column":3}},"36":{"start":{"line":59,"column":4},"end":{"line":59,"column":22}},"37":{"start":{"line":60,"column":4},"end":{"line":60,"column":16}},"38":{"start":{"line":62,"column":4},"end":{"line":62,"column":63}},"39":{"start":{"line":65,"column":28},"end":{"line":65,"column":54}},"40":{"start":{"line":66,"column":28},"end":{"line":66,"column":54}},"41":{"start":{"line":68,"column":4},"end":{"line":68,"column":76}},"42":{"start":{"line":70,"column":4},"end":{"line":73,"column":5}},"43":{"start":{"line":71,"column":6},"end":{"line":71,"column":48}},"44":{"start":{"line":72,"column":6},"end":{"line":72,"column":12}},"45":{"start":{"line":75,"column":4},"end":{"line":75,"column":20}},"46":{"start":{"line":76,"column":4},"end":{"line":76,"column":46}},"47":{"start":{"line":77,"column":4},"end":{"line":77,"column":72}},"48":{"start":{"line":78,"column":4},"end":{"line":78,"column":72}},"49":{"start":{"line":80,"column":20},"end":{"line":83,"column":5}},"50":{"start":{"line":84,"column":4},"end":{"line":84,"column":60}},"51":{"start":{"line":86,"column":4},"end":{"line":155,"column":5}},"52":{"start":{"line":87,"column":6},"end":{"line":87,"column":74}},"53":{"start":{"line":88,"column":23},"end":{"line":94,"column":8}},"54":{"start":{"line":96,"column":6},"end":{"line":96,"column":49}},"55":{"start":{"line":97,"column":6},"end":{"line":97,"column":50}},"56":{"start":{"line":100,"column":6},"end":{"line":127,"column":7}},"57":{"start":{"line":101,"column":22},"end":{"line":101,"column":46}},"58":{"start":{"line":102,"column":25},"end":{"line":107,"column":9}},"59":{"start":{"line":109,"column":8},"end":{"line":109,"column":42}},"60":{"start":{"line":110,"column":8},"end":{"line":110,"column":43}},"61":{"start":{"line":112,"column":8},"end":{"line":112,"column":44}},"62":{"start":{"line":113,"column":8},"end":{"line":113,"column":62}},"63":{"start":{"line":116,"column":8},"end":{"line":120,"column":9}},"64":{"start":{"line":117,"column":10},"end":{"line":117,"column":62}},"65":{"start":{"line":119,"column":10},"end":{"line":119,"column":55}},"66":{"start":{"line":122,"column":8},"end":{"line":122,"column":49}},"67":{"start":{"line":123,"column":8},"end":{"line":123,"column":49}},"68":{"start":{"line":125,"column":8},"end":{"line":125,"column":95}},"69":{"start":{"line":126,"column":8},"end":{"line":126,"column":62}},"70":{"start":{"line":130,"column":6},"end":{"line":130,"column":40}},"71":{"start":{"line":131,"column":6},"end":{"line":131,"column":58}},"72":{"start":{"line":132,"column":6},"end":{"line":132,"column":58}},"73":{"start":{"line":133,"column":6},"end":{"line":133,"column":60}},"74":{"start":{"line":135,"column":6},"end":{"line":152,"column":7}},"75":{"start":{"line":136,"column":8},"end":{"line":136,"column":99}},"76":{"start":{"line":137,"column":13},"end":{"line":152,"column":7}},"77":{"start":{"line":138,"column":8},"end":{"line":138,"column":69}},"78":{"start":{"line":139,"column":13},"end":{"line":152,"column":7}},"79":{"start":{"line":141,"column":8},"end":{"line":145,"column":9}},"80":{"start":{"line":142,"column":10},"end":{"line":142,"column":85}},"81":{"start":{"line":144,"column":10},"end":{"line":144,"column":87}},"82":{"start":{"line":146,"column":13},"end":{"line":152,"column":7}},"83":{"start":{"line":148,"column":8},"end":{"line":148,"column":101}},"84":{"start":{"line":151,"column":8},"end":{"line":151,"column":67}},"85":{"start":{"line":154,"column":6},"end":{"line":154,"column":23}},"86":{"start":{"line":158,"column":2},"end":{"line":262,"column":3}},"87":{"start":{"line":187,"column":18},"end":{"line":187,"column":45}},"88":{"start":{"line":188,"column":18},"end":{"line":188,"column":38}},"89":{"start":{"line":189,"column":18},"end":{"line":189,"column":30}},"90":{"start":{"line":191,"column":30},"end":{"line":191,"column":56}},"91":{"start":{"line":210,"column":20},"end":{"line":210,"column":47}},"92":{"start":{"line":211,"column":20},"end":{"line":211,"column":40}},"93":{"start":{"line":212,"column":20},"end":{"line":212,"column":32}},"94":{"start":{"line":214,"column":32},"end":{"line":214,"column":58}},"95":{"start":{"line":220,"column":33},"end":{"line":220,"column":63}},"96":{"start":{"line":255,"column":25},"end":{"line":255,"column":51}}},"fnMap":{"0":{"name":"LoginCard","decl":{"start":{"line":8,"column":9},"end":{"line":8,"column":18}},"loc":{"start":{"line":8,"column":21},"end":{"line":263,"column":1}},"line":8},"1":{"name":"(anonymous_1)","decl":{"start":{"line":19,"column":12},"end":{"line":19,"column":13}},"loc":{"start":{"line":19,"column":18},"end":{"line":32,"column":3}},"line":19},"2":{"name":"(anonymous_2)","decl":{"start":{"line":34,"column":27},"end":{"line":34,"column":28}},"loc":{"start":{"line":34,"column":41},"end":{"line":44,"column":3}},"line":34},"3":{"name":"(anonymous_3)","decl":{"start":{"line":46,"column":27},"end":{"line":46,"column":28}},"loc":{"start":{"line":46,"column":41},"end":{"line":56,"column":3}},"line":46},"4":{"name":"(anonymous_4)","decl":{"start":{"line":58,"column":23},"end":{"line":58,"column":24}},"loc":{"start":{"line":58,"column":36},"end":{"line":156,"column":3}},"line":58},"5":{"name":"(anonymous_5)","decl":{"start":{"line":186,"column":26},"end":{"line":186,"column":27}},"loc":{"start":{"line":186,"column":33},"end":{"line":190,"column":17}},"line":186},"6":{"name":"(anonymous_6)","decl":{"start":{"line":191,"column":24},"end":{"line":191,"column":25}},"loc":{"start":{"line":191,"column":30},"end":{"line":191,"column":56}},"line":191},"7":{"name":"(anonymous_7)","decl":{"start":{"line":209,"column":28},"end":{"line":209,"column":29}},"loc":{"start":{"line":209,"column":35},"end":{"line":213,"column":19}},"line":209},"8":{"name":"(anonymous_8)","decl":{"start":{"line":214,"column":26},"end":{"line":214,"column":27}},"loc":{"start":{"line":214,"column":32},"end":{"line":214,"column":58}},"line":214},"9":{"name":"(anonymous_9)","decl":{"start":{"line":220,"column":27},"end":{"line":220,"column":28}},"loc":{"start":{"line":220,"column":33},"end":{"line":220,"column":63}},"line":220},"10":{"name":"(anonymous_10)","decl":{"start":{"line":255,"column":19},"end":{"line":255,"column":20}},"loc":{"start":{"line":255,"column":25},"end":{"line":255,"column":51}},"line":255}},"branchMap":{"0":{"loc":{"start":{"line":22,"column":4},"end":{"line":24,"column":5}},"type":"if","locations":[{"start":{"line":22,"column":4},"end":{"line":24,"column":5}},{"start":{},"end":{}}],"line":22},"1":{"loc":{"start":{"line":28,"column":4},"end":{"line":31,"column":5}},"type":"if","locations":[{"start":{"line":28,"column":4},"end":{"line":31,"column":5}},{"start":{},"end":{}}],"line":28},"2":{"loc":{"start":{"line":35,"column":4},"end":{"line":41,"column":5}},"type":"if","locations":[{"start":{"line":35,"column":4},"end":{"line":41,"column":5}},{"start":{"line":38,"column":11},"end":{"line":41,"column":5}}],"line":35},"3":{"loc":{"start":{"line":38,"column":11},"end":{"line":41,"column":5}},"type":"if","locations":[{"start":{"line":38,"column":11},"end":{"line":41,"column":5}},{"start":{},"end":{}}],"line":38},"4":{"loc":{"start":{"line":47,"column":4},"end":{"line":53,"column":5}},"type":"if","locations":[{"start":{"line":47,"column":4},"end":{"line":53,"column":5}},{"start":{"line":50,"column":11},"end":{"line":53,"column":5}}],"line":47},"5":{"loc":{"start":{"line":50,"column":11},"end":{"line":53,"column":5}},"type":"if","locations":[{"start":{"line":50,"column":11},"end":{"line":53,"column":5}},{"start":{},"end":{}}],"line":50},"6":{"loc":{"start":{"line":70,"column":4},"end":{"line":73,"column":5}},"type":"if","locations":[{"start":{"line":70,"column":4},"end":{"line":73,"column":5}},{"start":{},"end":{}}],"line":70},"7":{"loc":{"start":{"line":70,"column":8},"end":{"line":70,"column":44}},"type":"binary-expr","locations":[{"start":{"line":70,"column":8},"end":{"line":70,"column":24}},{"start":{"line":70,"column":28},"end":{"line":70,"column":44}}],"line":70},"8":{"loc":{"start":{"line":100,"column":6},"end":{"line":127,"column":7}},"type":"if","locations":[{"start":{"line":100,"column":6},"end":{"line":127,"column":7}},{"start":{"line":124,"column":13},"end":{"line":127,"column":7}}],"line":100},"9":{"loc":{"start":{"line":100,"column":10},"end":{"line":100,"column":60}},"type":"binary-expr","locations":[{"start":{"line":100,"column":10},"end":{"line":100,"column":31}},{"start":{"line":100,"column":35},"end":{"line":100,"column":60}}],"line":100},"10":{"loc":{"start":{"line":116,"column":8},"end":{"line":120,"column":9}},"type":"if","locations":[{"start":{"line":116,"column":8},"end":{"line":120,"column":9}},{"start":{"line":118,"column":15},"end":{"line":120,"column":9}}],"line":116},"11":{"loc":{"start":{"line":135,"column":6},"end":{"line":152,"column":7}},"type":"if","locations":[{"start":{"line":135,"column":6},"end":{"line":152,"column":7}},{"start":{"line":137,"column":13},"end":{"line":152,"column":7}}],"line":135},"12":{"loc":{"start":{"line":135,"column":10},"end":{"line":135,"column":96}},"type":"binary-expr","locations":[{"start":{"line":135,"column":10},"end":{"line":135,"column":38}},{"start":{"line":135,"column":43},"end":{"line":135,"column":54}},{"start":{"line":135,"column":58},"end":{"line":135,"column":95}}],"line":135},"13":{"loc":{"start":{"line":137,"column":13},"end":{"line":152,"column":7}},"type":"if","locations":[{"start":{"line":137,"column":13},"end":{"line":152,"column":7}},{"start":{"line":139,"column":13},"end":{"line":152,"column":7}}],"line":137},"14":{"loc":{"start":{"line":139,"column":13},"end":{"line":152,"column":7}},"type":"if","locations":[{"start":{"line":139,"column":13},"end":{"line":152,"column":7}},{"start":{"line":146,"column":13},"end":{"line":152,"column":7}}],"line":139},"15":{"loc":{"start":{"line":141,"column":8},"end":{"line":145,"column":9}},"type":"if","locations":[{"start":{"line":141,"column":8},"end":{"line":145,"column":9}},{"start":{"line":143,"column":15},"end":{"line":145,"column":9}}],"line":141},"16":{"loc":{"start":{"line":144,"column":19},"end":{"line":144,"column":86}},"type":"binary-expr","locations":[{"start":{"line":144,"column":19},"end":{"line":144,"column":44}},{"start":{"line":144,"column":48},"end":{"line":144,"column":86}}],"line":144},"17":{"loc":{"start":{"line":146,"column":13},"end":{"line":152,"column":7}},"type":"if","locations":[{"start":{"line":146,"column":13},"end":{"line":152,"column":7}},{"start":{"line":149,"column":13},"end":{"line":152,"column":7}}],"line":146},"18":{"loc":{"start":{"line":174,"column":13},"end":{"line":178,"column":13}},"type":"binary-expr","locations":[{"start":{"line":174,"column":13},"end":{"line":174,"column":18}},{"start":{"line":175,"column":14},"end":{"line":177,"column":20}}],"line":174},"19":{"loc":{"start":{"line":193,"column":42},"end":{"line":193,"column":70}},"type":"cond-expr","locations":[{"start":{"line":193,"column":58},"end":{"line":193,"column":65}},{"start":{"line":193,"column":68},"end":{"line":193,"column":70}}],"line":193},"20":{"loc":{"start":{"line":195,"column":15},"end":{"line":199,"column":15}},"type":"binary-expr","locations":[{"start":{"line":195,"column":15},"end":{"line":195,"column":28}},{"start":{"line":196,"column":16},"end":{"line":198,"column":20}}],"line":195},"21":{"loc":{"start":{"line":207,"column":24},"end":{"line":207,"column":58}},"type":"cond-expr","locations":[{"start":{"line":207,"column":39},"end":{"line":207,"column":45}},{"start":{"line":207,"column":48},"end":{"line":207,"column":58}}],"line":207},"22":{"loc":{"start":{"line":216,"column":44},"end":{"line":216,"column":72}},"type":"cond-expr","locations":[{"start":{"line":216,"column":60},"end":{"line":216,"column":67}},{"start":{"line":216,"column":70},"end":{"line":216,"column":72}}],"line":216},"23":{"loc":{"start":{"line":222,"column":30},"end":{"line":222,"column":78}},"type":"cond-expr","locations":[{"start":{"line":222,"column":45},"end":{"line":222,"column":60}},{"start":{"line":222,"column":63},"end":{"line":222,"column":78}}],"line":222},"24":{"loc":{"start":{"line":224,"column":19},"end":{"line":224,"column":54}},"type":"cond-expr","locations":[{"start":{"line":224,"column":34},"end":{"line":224,"column":44}},{"start":{"line":224,"column":47},"end":{"line":224,"column":54}}],"line":224},"25":{"loc":{"start":{"line":227,"column":15},"end":{"line":231,"column":15}},"type":"binary-expr","locations":[{"start":{"line":227,"column":15},"end":{"line":227,"column":28}},{"start":{"line":228,"column":16},"end":{"line":230,"column":20}}],"line":227},"26":{"loc":{"start":{"line":240,"column":15},"end":{"line":240,"column":51}},"type":"cond-expr","locations":[{"start":{"line":240,"column":25},"end":{"line":240,"column":40}},{"start":{"line":240,"column":43},"end":{"line":240,"column":51}}],"line":240}},"s":{"0":21,"1":21,"2":21,"3":21,"4":21,"5":21,"6":21,"7":21,"8":21,"9":21,"10":7,"11":7,"12":1,"13":7,"14":7,"15":0,"16":0,"17":21,"18":4,"19":1,"20":1,"21":3,"22":0,"23":0,"24":3,"25":3,"26":21,"27":4,"28":1,"29":1,"30":3,"31":0,"32":0,"33":3,"34":3,"35":21,"36":4,"37":4,"38":4,"39":4,"40":4,"41":4,"42":4,"43":1,"44":1,"45":3,"46":3,"47":3,"48":3,"49":3,"50":3,"51":3,"52":3,"53":3,"54":1,"55":1,"56":1,"57":1,"58":1,"59":1,"60":1,"61":1,"62":1,"63":1,"64":0,"65":1,"66":1,"67":1,"68":0,"69":0,"70":1,"71":1,"72":1,"73":1,"74":1,"75":0,"76":1,"77":0,"78":1,"79":1,"80":0,"81":1,"82":0,"83":0,"84":0,"85":2,"86":21,"87":3,"88":3,"89":3,"90":0,"91":3,"92":3,"93":3,"94":0,"95":1,"96":0},"f":{"0":21,"1":7,"2":4,"3":4,"4":4,"5":3,"6":0,"7":3,"8":0,"9":1,"10":0},"b":{"0":[1,6],"1":[0,7],"2":[1,3],"3":[0,3],"4":[1,3],"5":[0,3],"6":[1,3],"7":[4,3],"8":[1,0],"9":[1,1],"10":[0,1],"11":[0,1],"12":[1,1,0],"13":[0,1],"14":[1,0],"15":[0,1],"16":[1,0],"17":[0,0],"18":[21,1],"19":[1,20],"20":[21,1],"21":[1,20],"22":[1,20],"23":[1,20],"24":[1,20],"25":[21,1],"26":[3,18]},"_coverageSchema":"1a1c01bbd47fc00a2c39e90264f33305004495a9","hash":"8d355773361dcbe39e9bdd867cf3b2159bda8f7a"}
,"/Users/2327738/Desktop/Hackathon/Frontend/src/components/MarkAttendanceModal.jsx": {"path":"/Users/2327738/Desktop/Hackathon/Frontend/src/components/MarkAttendanceModal.jsx","statementMap":{"0":{"start":{"line":8,"column":46},"end":{"line":8,"column":94}},"1":{"start":{"line":9,"column":32},"end":{"line":9,"column":47}},"2":{"start":{"line":11,"column":23},"end":{"line":37,"column":3}},"3":{"start":{"line":12,"column":4},"end":{"line":36,"column":5}},"4":{"start":{"line":13,"column":6},"end":{"line":13,"column":22}},"5":{"start":{"line":14,"column":20},"end":{"line":14,"column":49}},"6":{"start":{"line":15,"column":6},"end":{"line":27,"column":7}},"7":{"start":{"line":28,"column":6},"end":{"line":28,"column":45}},"8":{"start":{"line":29,"column":6},"end":{"line":29,"column":17}},"9":{"start":{"line":30,"column":6},"end":{"line":30,"column":15}},"10":{"start":{"line":32,"column":6},"end":{"line":32,"column":53}},"11":{"start":{"line":33,"column":6},"end":{"line":33,"column":40}},"12":{"start":{"line":35,"column":6},"end":{"line":35,"column":23}},"13":{"start":{"line":39,"column":2},"end":{"line":39,"column":24}},"14":{"start":{"line":39,"column":13},"end":{"line":39,"column":24}},"15":{"start":{"line":41,"column":2},"end":{"line":76,"column":3}},"16":{"start":{"line":43,"column":53},"end":{"line":43,"column":72}},"17":{"start":{"line":60,"column":31},"end":{"line":60,"column":64}}},"fnMap":{"0":{"name":"MarkAttendanceModal","decl":{"start":{"line":7,"column":9},"end":{"line":7,"column":28}},"loc":{"start":{"line":7,"column":66},"end":{"line":77,"column":1}},"line":7},"1":{"name":"(anonymous_1)","decl":{"start":{"line":11,"column":23},"end":{"line":11,"column":24}},"loc":{"start":{"line":11,"column":35},"end":{"line":37,"column":3}},"line":11},"2":{"name":"(anonymous_2)","decl":{"start":{"line":43,"column":46},"end":{"line":43,"column":47}},"loc":{"start":{"line":43,"column":53},"end":{"line":43,"column":72}},"line":43},"3":{"name":"(anonymous_3)","decl":{"start":{"line":60,"column":24},"end":{"line":60,"column":25}},"loc":{"start":{"line":60,"column":31},"end":{"line":60,"column":64}},"line":60}},"branchMap":{"0":{"loc":{"start":{"line":39,"column":2},"end":{"line":39,"column":24}},"type":"if","locations":[{"start":{"line":39,"column":2},"end":{"line":39,"column":24}},{"start":{},"end":{}}],"line":39},"1":{"loc":{"start":{"line":71,"column":13},"end":{"line":71,"column":52}},"type":"cond-expr","locations":[{"start":{"line":71,"column":23},"end":{"line":71,"column":35}},{"start":{"line":71,"column":38},"end":{"line":71,"column":52}}],"line":71}},"s":{"0":38,"1":38,"2":38,"3":3,"4":3,"5":3,"6":3,"7":1,"8":1,"9":1,"10":1,"11":1,"12":2,"13":38,"14":26,"15":12,"16":4,"17":0},"f":{"0":38,"1":3,"2":4,"3":0},"b":{"0":[26,12],"1":[3,9]},"_coverageSchema":"1a1c01bbd47fc00a2c39e90264f33305004495a9","hash":"ae532b485dac3e69a4482597a1ae4c3e85f3bd8f"}
,"/Users/2327738/Desktop/Hackathon/Frontend/src/components/ProtectedRoute.jsx": {"path":"/Users/2327738/Desktop/Hackathon/Frontend/src/components/ProtectedRoute.jsx","statementMap":{"0":{"start":{"line":5,"column":16},"end":{"line":5,"column":45}},"1":{"start":{"line":7,"column":2},"end":{"line":9,"column":3}},"2":{"start":{"line":8,"column":4},"end":{"line":8,"column":43}},"3":{"start":{"line":11,"column":2},"end":{"line":11,"column":17}},"4":{"start":{"line":14,"column":0},"end":{"line":16,"column":1}}},"fnMap":{"0":{"name":"ProtectedRoute","decl":{"start":{"line":4,"column":9},"end":{"line":4,"column":23}},"loc":{"start":{"line":4,"column":38},"end":{"line":12,"column":1}},"line":4}},"branchMap":{"0":{"loc":{"start":{"line":7,"column":2},"end":{"line":9,"column":3}},"type":"if","locations":[{"start":{"line":7,"column":2},"end":{"line":9,"column":3}},{"start":{},"end":{}}],"line":7}},"s":{"0":3,"1":3,"2":2,"3":1,"4":2},"f":{"0":3},"b":{"0":[2,1]},"_coverageSchema":"1a1c01bbd47fc00a2c39e90264f33305004495a9","hash":"8e5b4261965e19000bd54ae3c051be58af0bec4c"}
,"/Users/2327738/Desktop/Hackathon/Frontend/src/config/api.js": {"path":"/Users/2327738/Desktop/Hackathon/Frontend/src/config/api.js","statementMap":{"0":{"start":{"line":2,"column":28},"end":{"line":4,"column":66}},"1":{"start":{"line":7,"column":38},"end":{"line":20,"column":1}},"2":{"start":{"line":8,"column":2},"end":{"line":19,"column":3}},"3":{"start":{"line":9,"column":21},"end":{"line":14,"column":6}},"4":{"start":{"line":15,"column":4},"end":{"line":15,"column":22}},"5":{"start":{"line":17,"column":4},"end":{"line":17,"column":46}},"6":{"start":{"line":18,"column":4},"end":{"line":18,"column":16}}},"fnMap":{"0":{"name":"(anonymous_0)","decl":{"start":{"line":7,"column":38},"end":{"line":7,"column":39}},"loc":{"start":{"line":7,"column":50},"end":{"line":20,"column":1}},"line":7}},"branchMap":{"0":{"loc":{"start":{"line":2,"column":28},"end":{"line":4,"column":66}},"type":"cond-expr","locations":[{"start":{"line":3,"column":4},"end":{"line":3,"column":27}},{"start":{"line":4,"column":5},"end":{"line":4,"column":65}}],"line":2},"1":{"loc":{"start":{"line":4,"column":5},"end":{"line":4,"column":65}},"type":"binary-expr","locations":[{"start":{"line":4,"column":5},"end":{"line":4,"column":38}},{"start":{"line":4,"column":42},"end":{"line":4,"column":65}}],"line":4}},"s":{"0":0,"1":0,"2":0,"3":0,"4":0,"5":0,"6":0},"f":{"0":0},"b":{"0":[0,0],"1":[0,0]}}
,"/Users/2327738/Desktop/Hackathon/Frontend/src/pages/Dashboard.jsx": {"path":"/Users/2327738/Desktop/Hackathon/Frontend/src/pages/Dashboard.jsx","statementMap":{"0":{"start":{"line":11,"column":26},"end":{"line":11,"column":40}},"1":{"start":{"line":12,"column":30},"end":{"line":12,"column":42}},"2":{"start":{"line":13,"column":32},"end":{"line":13,"column":46}},"3":{"start":{"line":14,"column":40},"end":{"line":14,"column":52}},"4":{"start":{"line":15,"column":42},"end":{"line":15,"column":90}},"5":{"start":{"line":16,"column":44},"end":{"line":16,"column":56}},"6":{"start":{"line":17,"column":28},"end":{"line":17,"column":40}},"7":{"start":{"line":18,"column":44},"end":{"line":18,"column":59}},"8":{"start":{"line":19,"column":42},"end":{"line":19,"column":57}},"9":{"start":{"line":20,"column":42},"end":{"line":20,"column":56}},"10":{"start":{"line":21,"column":48},"end":{"line":21,"column":60}},"11":{"start":{"line":22,"column":19},"end":{"line":22,"column":32}},"12":{"start":{"line":24,"column":22},"end":{"line":110,"column":35}},"13":{"start":{"line":25,"column":4},"end":{"line":109,"column":5}},"14":{"start":{"line":26,"column":6},"end":{"line":26,"column":22}},"15":{"start":{"line":27,"column":16},"end":{"line":27,"column":64}},"16":{"start":{"line":28,"column":6},"end":{"line":32,"column":7}},"17":{"start":{"line":30,"column":31},"end":{"line":30,"column":93}},"18":{"start":{"line":31,"column":8},"end":{"line":31,"column":41}},"19":{"start":{"line":33,"column":23},"end":{"line":40,"column":8}},"20":{"start":{"line":41,"column":6},"end":{"line":41,"column":55}},"21":{"start":{"line":44,"column":6},"end":{"line":69,"column":7}},"22":{"start":{"line":45,"column":26},"end":{"line":45,"column":51}},"23":{"start":{"line":46,"column":8},"end":{"line":46,"column":37}},"24":{"start":{"line":47,"column":8},"end":{"line":47,"column":52}},"25":{"start":{"line":50,"column":25},"end":{"line":50,"column":50}},"26":{"start":{"line":52,"column":8},"end":{"line":65,"column":9}},"27":{"start":{"line":53,"column":35},"end":{"line":53,"column":54}},"28":{"start":{"line":55,"column":10},"end":{"line":57,"column":11}},"29":{"start":{"line":56,"column":12},"end":{"line":56,"column":75}},"30":{"start":{"line":60,"column":10},"end":{"line":64,"column":11}},"31":{"start":{"line":61,"column":12},"end":{"line":61,"column":67}},"32":{"start":{"line":63,"column":12},"end":{"line":63,"column":45}},"33":{"start":{"line":67,"column":8},"end":{"line":67,"column":30}},"34":{"start":{"line":68,"column":8},"end":{"line":68,"column":49}},"35":{"start":{"line":72,"column":24},"end":{"line":72,"column":89}},"36":{"start":{"line":75,"column":6},"end":{"line":83,"column":7}},"37":{"start":{"line":76,"column":8},"end":{"line":76,"column":28}},"38":{"start":{"line":77,"column":13},"end":{"line":83,"column":7}},"39":{"start":{"line":79,"column":8},"end":{"line":79,"column":43}},"40":{"start":{"line":81,"column":8},"end":{"line":81,"column":64}},"41":{"start":{"line":82,"column":8},"end":{"line":82,"column":21}},"42":{"start":{"line":85,"column":6},"end":{"line":85,"column":49}},"43":{"start":{"line":86,"column":6},"end":{"line":86,"column":58}},"44":{"start":{"line":87,"column":6},"end":{"line":87,"column":58}},"45":{"start":{"line":89,"column":6},"end":{"line":105,"column":7}},"46":{"start":{"line":90,"column":8},"end":{"line":90,"column":99}},"47":{"start":{"line":91,"column":13},"end":{"line":105,"column":7}},"48":{"start":{"line":92,"column":8},"end":{"line":92,"column":69}},"49":{"start":{"line":93,"column":13},"end":{"line":105,"column":7}},"50":{"start":{"line":94,"column":8},"end":{"line":100,"column":9}},"51":{"start":{"line":95,"column":10},"end":{"line":95,"column":85}},"52":{"start":{"line":96,"column":15},"end":{"line":100,"column":9}},"53":{"start":{"line":97,"column":10},"end":{"line":97,"column":64}},"54":{"start":{"line":99,"column":10},"end":{"line":99,"column":88}},"55":{"start":{"line":101,"column":13},"end":{"line":105,"column":7}},"56":{"start":{"line":102,"column":8},"end":{"line":102,"column":101}},"57":{"start":{"line":104,"column":8},"end":{"line":104,"column":74}},"58":{"start":{"line":106,"column":6},"end":{"line":106,"column":19}},"59":{"start":{"line":108,"column":6},"end":{"line":108,"column":23}},"60":{"start":{"line":112,"column":2},"end":{"line":128,"column":29}},"61":{"start":{"line":114,"column":18},"end":{"line":114,"column":47}},"62":{"start":{"line":115,"column":21},"end":{"line":115,"column":49}},"63":{"start":{"line":117,"column":4},"end":{"line":120,"column":5}},"64":{"start":{"line":118,"column":6},"end":{"line":118,"column":24}},"65":{"start":{"line":119,"column":6},"end":{"line":119,"column":12}},"66":{"start":{"line":122,"column":4},"end":{"line":124,"column":5}},"67":{"start":{"line":123,"column":6},"end":{"line":123,"column":35}},"68":{"start":{"line":127,"column":4},"end":{"line":127,"column":22}},"69":{"start":{"line":131,"column":2},"end":{"line":136,"column":48}},"70":{"start":{"line":132,"column":18},"end":{"line":132,"column":47}},"71":{"start":{"line":133,"column":4},"end":{"line":135,"column":5}},"72":{"start":{"line":134,"column":6},"end":{"line":134,"column":24}},"73":{"start":{"line":138,"column":23},"end":{"line":143,"column":3}},"74":{"start":{"line":139,"column":4},"end":{"line":139,"column":36}},"75":{"start":{"line":140,"column":4},"end":{"line":140,"column":35}},"76":{"start":{"line":141,"column":4},"end":{"line":141,"column":49}},"77":{"start":{"line":142,"column":4},"end":{"line":142,"column":22}},"78":{"start":{"line":145,"column":21},"end":{"line":148,"column":3}},"79":{"start":{"line":146,"column":4},"end":{"line":146,"column":26}},"80":{"start":{"line":147,"column":4},"end":{"line":147,"column":26}},"81":{"start":{"line":150,"column":29},"end":{"line":153,"column":3}},"82":{"start":{"line":151,"column":18},"end":{"line":151,"column":47}},"83":{"start":{"line":152,"column":4},"end":{"line":152,"column":22}},"84":{"start":{"line":155,"column":25},"end":{"line":170,"column":9}},"85":{"start":{"line":157,"column":4},"end":{"line":167,"column":5}},"86":{"start":{"line":158,"column":20},"end":{"line":158,"column":45}},"87":{"start":{"line":160,"column":8},"end":{"line":164,"column":55}},"88":{"start":{"line":166,"column":6},"end":{"line":166,"column":38}},"89":{"start":{"line":166,"column":26},"end":{"line":166,"column":38}},"90":{"start":{"line":169,"column":4},"end":{"line":169,"column":15}},"91":{"start":{"line":172,"column":2},"end":{"line":178,"column":3}},"92":{"start":{"line":173,"column":4},"end":{"line":177,"column":5}},"93":{"start":{"line":180,"column":2},"end":{"line":391,"column":3}},"94":{"start":{"line":231,"column":40},"end":{"line":231,"column":62}},"95":{"start":{"line":232,"column":22},"end":{"line":232,"column":49}},"96":{"start":{"line":232,"column":38},"end":{"line":232,"column":49}},"97":{"start":{"line":234,"column":42},"end":{"line":234,"column":95}},"98":{"start":{"line":236,"column":22},"end":{"line":254,"column":23}},"99":{"start":{"line":242,"column":32},"end":{"line":245,"column":38}},"100":{"start":{"line":278,"column":37},"end":{"line":278,"column":67}},"101":{"start":{"line":285,"column":35},"end":{"line":285,"column":66}},"102":{"start":{"line":291,"column":35},"end":{"line":291,"column":67}},"103":{"start":{"line":300,"column":39},"end":{"line":300,"column":60}},"104":{"start":{"line":335,"column":20},"end":{"line":367,"column":21}},"105":{"start":{"line":351,"column":96},"end":{"line":351,"column":113}},"106":{"start":{"line":360,"column":45},"end":{"line":360,"column":114}},"107":{"start":{"line":379,"column":10},"end":{"line":379,"column":33}},"108":{"start":{"line":380,"column":10},"end":{"line":380,"column":31}},"109":{"start":{"line":387,"column":23},"end":{"line":387,"column":45}}},"fnMap":{"0":{"name":"Dashboard","decl":{"start":{"line":10,"column":9},"end":{"line":10,"column":18}},"loc":{"start":{"line":10,"column":21},"end":{"line":392,"column":1}},"line":10},"1":{"name":"(anonymous_1)","decl":{"start":{"line":24,"column":34},"end":{"line":24,"column":35}},"loc":{"start":{"line":24,"column":51},"end":{"line":110,"column":3}},"line":24},"2":{"name":"(anonymous_2)","decl":{"start":{"line":112,"column":12},"end":{"line":112,"column":13}},"loc":{"start":{"line":112,"column":18},"end":{"line":128,"column":3}},"line":112},"3":{"name":"(anonymous_3)","decl":{"start":{"line":131,"column":12},"end":{"line":131,"column":13}},"loc":{"start":{"line":131,"column":18},"end":{"line":136,"column":3}},"line":131},"4":{"name":"(anonymous_4)","decl":{"start":{"line":138,"column":23},"end":{"line":138,"column":24}},"loc":{"start":{"line":138,"column":29},"end":{"line":143,"column":3}},"line":138},"5":{"name":"(anonymous_5)","decl":{"start":{"line":145,"column":21},"end":{"line":145,"column":22}},"loc":{"start":{"line":145,"column":32},"end":{"line":148,"column":3}},"line":145},"6":{"name":"(anonymous_6)","decl":{"start":{"line":150,"column":29},"end":{"line":150,"column":30}},"loc":{"start":{"line":150,"column":35},"end":{"line":153,"column":3}},"line":150},"7":{"name":"(anonymous_7)","decl":{"start":{"line":155,"column":63},"end":{"line":155,"column":64}},"loc":{"start":{"line":155,"column":72},"end":{"line":170,"column":3}},"line":155},"8":{"name":"(anonymous_8)","decl":{"start":{"line":230,"column":70},"end":{"line":230,"column":71}},"loc":{"start":{"line":230,"column":81},"end":{"line":255,"column":21}},"line":230},"9":{"name":"(anonymous_9)","decl":{"start":{"line":241,"column":54},"end":{"line":241,"column":55}},"loc":{"start":{"line":242,"column":32},"end":{"line":245,"column":38}},"line":242},"10":{"name":"(anonymous_10)","decl":{"start":{"line":278,"column":30},"end":{"line":278,"column":31}},"loc":{"start":{"line":278,"column":37},"end":{"line":278,"column":67}},"line":278},"11":{"name":"(anonymous_11)","decl":{"start":{"line":285,"column":28},"end":{"line":285,"column":29}},"loc":{"start":{"line":285,"column":35},"end":{"line":285,"column":66}},"line":285},"12":{"name":"(anonymous_12)","decl":{"start":{"line":291,"column":28},"end":{"line":291,"column":29}},"loc":{"start":{"line":291,"column":35},"end":{"line":291,"column":67}},"line":291},"13":{"name":"(anonymous_13)","decl":{"start":{"line":300,"column":33},"end":{"line":300,"column":34}},"loc":{"start":{"line":300,"column":39},"end":{"line":300,"column":60}},"line":300},"14":{"name":"(anonymous_14)","decl":{"start":{"line":334,"column":38},"end":{"line":334,"column":39}},"loc":{"start":{"line":334,"column":56},"end":{"line":368,"column":19}},"line":334},"15":{"name":"(anonymous_15)","decl":{"start":{"line":351,"column":90},"end":{"line":351,"column":91}},"loc":{"start":{"line":351,"column":96},"end":{"line":351,"column":113}},"line":351},"16":{"name":"(anonymous_16)","decl":{"start":{"line":360,"column":39},"end":{"line":360,"column":40}},"loc":{"start":{"line":360,"column":45},"end":{"line":360,"column":114}},"line":360},"17":{"name":"(anonymous_17)","decl":{"start":{"line":378,"column":17},"end":{"line":378,"column":18}},"loc":{"start":{"line":378,"column":23},"end":{"line":381,"column":9}},"line":378},"18":{"name":"(anonymous_18)","decl":{"start":{"line":387,"column":17},"end":{"line":387,"column":18}},"loc":{"start":{"line":387,"column":23},"end":{"line":387,"column":45}},"line":387}},"branchMap":{"0":{"loc":{"start":{"line":28,"column":6},"end":{"line":32,"column":7}},"type":"if","locations":[{"start":{"line":28,"column":6},"end":{"line":32,"column":7}},{"start":{},"end":{}}],"line":28},"1":{"loc":{"start":{"line":44,"column":6},"end":{"line":69,"column":7}},"type":"if","locations":[{"start":{"line":44,"column":6},"end":{"line":69,"column":7}},{"start":{"line":66,"column":13},"end":{"line":69,"column":7}}],"line":44},"2":{"loc":{"start":{"line":52,"column":8},"end":{"line":65,"column":9}},"type":"if","locations":[{"start":{"line":52,"column":8},"end":{"line":65,"column":9}},{"start":{},"end":{}}],"line":52},"3":{"loc":{"start":{"line":52,"column":12},"end":{"line":52,"column":43}},"type":"binary-expr","locations":[{"start":{"line":52,"column":12},"end":{"line":52,"column":20}},{"start":{"line":52,"column":24},"end":{"line":52,"column":43}}],"line":52},"4":{"loc":{"start":{"line":55,"column":10},"end":{"line":57,"column":11}},"type":"if","locations":[{"start":{"line":55,"column":10},"end":{"line":57,"column":11}},{"start":{},"end":{}}],"line":55},"5":{"loc":{"start":{"line":60,"column":10},"end":{"line":64,"column":11}},"type":"if","locations":[{"start":{"line":60,"column":10},"end":{"line":64,"column":11}},{"start":{"line":62,"column":17},"end":{"line":64,"column":11}}],"line":60},"6":{"loc":{"start":{"line":60,"column":14},"end":{"line":60,"column":85}},"type":"binary-expr","locations":[{"start":{"line":60,"column":14},"end":{"line":60,"column":40}},{"start":{"line":60,"column":44},"end":{"line":60,"column":85}}],"line":60},"7":{"loc":{"start":{"line":72,"column":24},"end":{"line":72,"column":89}},"type":"binary-expr","locations":[{"start":{"line":72,"column":24},"end":{"line":72,"column":42}},{"start":{"line":72,"column":46},"end":{"line":72,"column":66}},{"start":{"line":72,"column":70},"end":{"line":72,"column":83}},{"start":{"line":72,"column":87},"end":{"line":72,"column":89}}],"line":72},"8":{"loc":{"start":{"line":75,"column":6},"end":{"line":83,"column":7}},"type":"if","locations":[{"start":{"line":75,"column":6},"end":{"line":83,"column":7}},{"start":{"line":77,"column":13},"end":{"line":83,"column":7}}],"line":75},"9":{"loc":{"start":{"line":77,"column":13},"end":{"line":83,"column":7}},"type":"if","locations":[{"start":{"line":77,"column":13},"end":{"line":83,"column":7}},{"start":{"line":80,"column":13},"end":{"line":83,"column":7}}],"line":77},"10":{"loc":{"start":{"line":89,"column":6},"end":{"line":105,"column":7}},"type":"if","locations":[{"start":{"line":89,"column":6},"end":{"line":105,"column":7}},{"start":{"line":91,"column":13},"end":{"line":105,"column":7}}],"line":89},"11":{"loc":{"start":{"line":89,"column":10},"end":{"line":89,"column":79}},"type":"binary-expr","locations":[{"start":{"line":89,"column":10},"end":{"line":89,"column":38}},{"start":{"line":89,"column":42},"end":{"line":89,"column":79}}],"line":89},"12":{"loc":{"start":{"line":91,"column":13},"end":{"line":105,"column":7}},"type":"if","locations":[{"start":{"line":91,"column":13},"end":{"line":105,"column":7}},{"start":{"line":93,"column":13},"end":{"line":105,"column":7}}],"line":91},"13":{"loc":{"start":{"line":93,"column":13},"end":{"line":105,"column":7}},"type":"if","locations":[{"start":{"line":93,"column":13},"end":{"line":105,"column":7}},{"start":{"line":101,"column":13},"end":{"line":105,"column":7}}],"line":93},"14":{"loc":{"start":{"line":94,"column":8},"end":{"line":100,"column":9}},"type":"if","locations":[{"start":{"line":94,"column":8},"end":{"line":100,"column":9}},{"start":{"line":96,"column":15},"end":{"line":100,"column":9}}],"line":94},"15":{"loc":{"start":{"line":96,"column":15},"end":{"line":100,"column":9}},"type":"if","locations":[{"start":{"line":96,"column":15},"end":{"line":100,"column":9}},{"start":{"line":98,"column":15},"end":{"line":100,"column":9}}],"line":96},"16":{"loc":{"start":{"line":99,"column":36},"end":{"line":99,"column":85}},"type":"binary-expr","locations":[{"start":{"line":99,"column":36},"end":{"line":99,"column":62}},{"start":{"line":99,"column":66},"end":{"line":99,"column":85}}],"line":99},"17":{"loc":{"start":{"line":101,"column":13},"end":{"line":105,"column":7}},"type":"if","locations":[{"start":{"line":101,"column":13},"end":{"line":105,"column":7}},{"start":{"line":103,"column":13},"end":{"line":105,"column":7}}],"line":101},"18":{"loc":{"start":{"line":117,"column":4},"end":{"line":120,"column":5}},"type":"if","locations":[{"start":{"line":117,"column":4},"end":{"line":120,"column":5}},{"start":{},"end":{}}],"line":117},"19":{"loc":{"start":{"line":122,"column":4},"end":{"line":124,"column":5}},"type":"if","locations":[{"start":{"line":122,"column":4},"end":{"line":124,"column":5}},{"start":{},"end":{}}],"line":122},"20":{"loc":{"start":{"line":133,"column":4},"end":{"line":135,"column":5}},"type":"if","locations":[{"start":{"line":133,"column":4},"end":{"line":135,"column":5}},{"start":{},"end":{}}],"line":133},"21":{"loc":{"start":{"line":133,"column":8},"end":{"line":133,"column":29}},"type":"binary-expr","locations":[{"start":{"line":133,"column":8},"end":{"line":133,"column":13}},{"start":{"line":133,"column":17},"end":{"line":133,"column":29}}],"line":133},"22":{"loc":{"start":{"line":155,"column":25},"end":{"line":170,"column":9}},"type":"cond-expr","locations":[{"start":{"line":155,"column":49},"end":{"line":170,"column":4}},{"start":{"line":170,"column":7},"end":{"line":170,"column":9}}],"line":155},"23":{"loc":{"start":{"line":157,"column":4},"end":{"line":167,"column":5}},"type":"if","locations":[{"start":{"line":157,"column":4},"end":{"line":167,"column":5}},{"start":{},"end":{}}],"line":157},"24":{"loc":{"start":{"line":160,"column":8},"end":{"line":164,"column":55}},"type":"binary-expr","locations":[{"start":{"line":160,"column":8},"end":{"line":160,"column":49}},{"start":{"line":161,"column":8},"end":{"line":161,"column":50}},{"start":{"line":162,"column":8},"end":{"line":162,"column":53}},{"start":{"line":163,"column":8},"end":{"line":163,"column":49}},{"start":{"line":164,"column":8},"end":{"line":164,"column":55}}],"line":160},"25":{"loc":{"start":{"line":166,"column":6},"end":{"line":166,"column":38}},"type":"if","locations":[{"start":{"line":166,"column":6},"end":{"line":166,"column":38}},{"start":{},"end":{}}],"line":166},"26":{"loc":{"start":{"line":172,"column":2},"end":{"line":178,"column":3}},"type":"if","locations":[{"start":{"line":172,"column":2},"end":{"line":178,"column":3}},{"start":{},"end":{}}],"line":172},"27":{"loc":{"start":{"line":193,"column":30},"end":{"line":193,"column":66}},"type":"binary-expr","locations":[{"start":{"line":193,"column":30},"end":{"line":193,"column":39}},{"start":{"line":193,"column":43},"end":{"line":193,"column":56}},{"start":{"line":193,"column":60},"end":{"line":193,"column":66}}],"line":193},"28":{"loc":{"start":{"line":219,"column":11},"end":{"line":263,"column":11}},"type":"binary-expr","locations":[{"start":{"line":219,"column":11},"end":{"line":219,"column":50}},{"start":{"line":220,"column":12},"end":{"line":262,"column":18}}],"line":219},"29":{"loc":{"start":{"line":232,"column":22},"end":{"line":232,"column":49}},"type":"if","locations":[{"start":{"line":232,"column":22},"end":{"line":232,"column":49}},{"start":{},"end":{}}],"line":232},"30":{"loc":{"start":{"line":234,"column":42},"end":{"line":234,"column":95}},"type":"binary-expr","locations":[{"start":{"line":234,"column":42},"end":{"line":234,"column":61}},{"start":{"line":234,"column":65},"end":{"line":234,"column":95}}],"line":234},"31":{"loc":{"start":{"line":240,"column":29},"end":{"line":251,"column":29}},"type":"cond-expr","locations":[{"start":{"line":241,"column":30},"end":{"line":246,"column":32}},{"start":{"line":248,"column":30},"end":{"line":250,"column":36}}],"line":240},"32":{"loc":{"start":{"line":308,"column":11},"end":{"line":372,"column":11}},"type":"cond-expr","locations":[{"start":{"line":309,"column":12},"end":{"line":312,"column":18}},{"start":{"line":313,"column":14},"end":{"line":372,"column":11}}],"line":308},"33":{"loc":{"start":{"line":313,"column":14},"end":{"line":372,"column":11}},"type":"cond-expr","locations":[{"start":{"line":314,"column":12},"end":{"line":316,"column":18}},{"start":{"line":317,"column":14},"end":{"line":372,"column":11}}],"line":313},"34":{"loc":{"start":{"line":317,"column":14},"end":{"line":372,"column":11}},"type":"cond-expr","locations":[{"start":{"line":318,"column":12},"end":{"line":320,"column":18}},{"start":{"line":322,"column":12},"end":{"line":371,"column":18}}],"line":317},"35":{"loc":{"start":{"line":336,"column":31},"end":{"line":336,"column":48}},"type":"binary-expr","locations":[{"start":{"line":336,"column":31},"end":{"line":336,"column":39}},{"start":{"line":336,"column":43},"end":{"line":336,"column":48}}],"line":336},"36":{"loc":{"start":{"line":337,"column":50},"end":{"line":337,"column":88}},"type":"binary-expr","locations":[{"start":{"line":337,"column":50},"end":{"line":337,"column":63}},{"start":{"line":337,"column":67},"end":{"line":337,"column":75}},{"start":{"line":337,"column":79},"end":{"line":337,"column":88}}],"line":337},"37":{"loc":{"start":{"line":340,"column":58},"end":{"line":340,"column":77}},"type":"binary-expr","locations":[{"start":{"line":340,"column":58},"end":{"line":340,"column":68}},{"start":{"line":340,"column":72},"end":{"line":340,"column":77}}],"line":340},"38":{"loc":{"start":{"line":343,"column":52},"end":{"line":343,"column":89}},"type":"binary-expr","locations":[{"start":{"line":343,"column":52},"end":{"line":343,"column":62}},{"start":{"line":343,"column":66},"end":{"line":343,"column":80}},{"start":{"line":343,"column":84},"end":{"line":343,"column":89}}],"line":343},"39":{"loc":{"start":{"line":346,"column":29},"end":{"line":346,"column":49}},"type":"binary-expr","locations":[{"start":{"line":346,"column":29},"end":{"line":346,"column":40}},{"start":{"line":346,"column":44},"end":{"line":346,"column":49}}],"line":346},"40":{"loc":{"start":{"line":360,"column":64},"end":{"line":360,"column":89}},"type":"binary-expr","locations":[{"start":{"line":360,"column":64},"end":{"line":360,"column":77}},{"start":{"line":360,"column":81},"end":{"line":360,"column":89}}],"line":360}},"s":{"0":50,"1":49,"2":49,"3":49,"4":49,"5":49,"6":49,"7":49,"8":49,"9":49,"10":49,"11":49,"12":49,"13":30,"14":30,"15":30,"16":30,"17":2,"18":2,"19":30,"20":25,"21":24,"22":24,"23":24,"24":24,"25":24,"26":24,"27":24,"28":24,"29":24,"30":24,"31":2,"32":22,"33":0,"34":0,"35":24,"36":24,"37":24,"38":0,"39":0,"40":0,"41":0,"42":2,"43":2,"44":2,"45":2,"46":0,"47":2,"48":0,"49":2,"50":0,"51":0,"52":0,"53":0,"54":0,"55":2,"56":0,"57":2,"58":2,"59":26,"60":49,"61":16,"62":16,"63":16,"64":1,"65":1,"66":15,"67":15,"68":15,"69":49,"70":14,"71":14,"72":14,"73":49,"74":1,"75":1,"76":1,"77":1,"78":49,"79":2,"80":2,"81":49,"82":1,"83":1,"84":49,"85":42,"86":2,"87":2,"88":2,"89":1,"90":41,"91":49,"92":13,"93":36,"94":88,"95":88,"96":66,"97":22,"98":22,"99":1,"100":1,"101":0,"102":1,"103":0,"104":37,"105":2,"106":1,"107":1,"108":1,"109":0},"f":{"0":50,"1":30,"2":16,"3":14,"4":1,"5":2,"6":1,"7":42,"8":88,"9":1,"10":1,"11":0,"12":1,"13":0,"14":37,"15":2,"16":1,"17":1,"18":0},"b":{"0":[2,28],"1":[24,0],"2":[24,0],"3":[24,24],"4":[24,0],"5":[2,22],"6":[24,2],"7":[24,0,0,0],"8":[24,0],"9":[0,0],"10":[0,2],"11":[2,2],"12":[0,2],"13":[0,2],"14":[0,0],"15":[0,0],"16":[0,0],"17":[0,2],"18":[1,15],"19":[15,0],"20":[14,0],"21":[14,14],"22":[49,0],"23":[2,40],"24":[2,1,1,1,1],"25":[1,1],"26":[13,36],"27":[36,0,0],"28":[36,22],"29":[66,22],"30":[22,1],"31":[1,21],"32":[15,21],"33":[2,19],"34":[0,19],"35":[37,37],"36":[37,0,0],"37":[37,0],"38":[37,0,0],"39":[37,0],"40":[1,0]},"_coverageSchema":"1a1c01bbd47fc00a2c39e90264f33305004495a9","hash":"672b8563f660b3a8e534b766a40205c5aa6ac64a"}
,"/Users/2327738/Desktop/Hackathon/Frontend/src/pages/LoginPage.jsx": {"path":"/Users/2327738/Desktop/Hackathon/Frontend/src/pages/LoginPage.jsx","statementMap":{"0":{"start":{"line":7,"column":19},"end":{"line":7,"column":32}},"1":{"start":{"line":9,"column":2},"end":{"line":15,"column":16}},"2":{"start":{"line":11,"column":18},"end":{"line":11,"column":47}},"3":{"start":{"line":12,"column":4},"end":{"line":14,"column":5}},"4":{"start":{"line":13,"column":6},"end":{"line":13,"column":28}},"5":{"start":{"line":17,"column":2},"end":{"line":21,"column":3}}},"fnMap":{"0":{"name":"LoginPage","decl":{"start":{"line":6,"column":9},"end":{"line":6,"column":18}},"loc":{"start":{"line":6,"column":21},"end":{"line":22,"column":1}},"line":6},"1":{"name":"(anonymous_1)","decl":{"start":{"line":9,"column":12},"end":{"line":9,"column":13}},"loc":{"start":{"line":9,"column":18},"end":{"line":15,"column":3}},"line":9}},"branchMap":{"0":{"loc":{"start":{"line":12,"column":4},"end":{"line":14,"column":5}},"type":"if","locations":[{"start":{"line":12,"column":4},"end":{"line":14,"column":5}},{"start":{},"end":{}}],"line":12}},"s":{"0":4,"1":4,"2":4,"3":4,"4":1,"5":4},"f":{"0":4,"1":4},"b":{"0":[1,3]},"_coverageSchema":"1a1c01bbd47fc00a2c39e90264f33305004495a9","hash":"37d78f4f15f779e1b825870b12b6ed3e99692d9c"}
,"/Users/2327738/Desktop/Hackathon/Frontend/src/pages/StaffDetails.jsx": {"path":"/Users/2327738/Desktop/Hackathon/Frontend/src/pages/StaffDetails.jsx","statementMap":{"0":{"start":{"line":11,"column":19},"end":{"line":11,"column":32}},"1":{"start":{"line":12,"column":19},"end":{"line":12,"column":32}},"2":{"start":{"line":13,"column":16},"end":{"line":13,"column":37}},"3":{"start":{"line":14,"column":40},"end":{"line":14,"column":54}},"4":{"start":{"line":15,"column":32},"end":{"line":15,"column":46}},"5":{"start":{"line":16,"column":64},"end":{"line":16,"column":79}},"6":{"start":{"line":17,"column":56},"end":{"line":17,"column":71}},"7":{"start":{"line":19,"column":27},"end":{"line":38,"column":13}},"8":{"start":{"line":20,"column":4},"end":{"line":37,"column":5}},"9":{"start":{"line":21,"column":6},"end":{"line":21,"column":22}},"10":{"start":{"line":22,"column":20},"end":{"line":22,"column":49}},"11":{"start":{"line":23,"column":23},"end":{"line":30,"column":7}},"12":{"start":{"line":31,"column":6},"end":{"line":31,"column":58}},"13":{"start":{"line":32,"column":6},"end":{"line":32,"column":57}},"14":{"start":{"line":34,"column":6},"end":{"line":34,"column":56}},"15":{"start":{"line":36,"column":6},"end":{"line":36,"column":23}},"16":{"start":{"line":40,"column":2},"end":{"line":47,"column":41}},"17":{"start":{"line":41,"column":4},"end":{"line":44,"column":5}},"18":{"start":{"line":42,"column":6},"end":{"line":42,"column":28}},"19":{"start":{"line":43,"column":6},"end":{"line":43,"column":12}},"20":{"start":{"line":46,"column":4},"end":{"line":46,"column":22}},"21":{"start":{"line":49,"column":31},"end":{"line":51,"column":3}},"22":{"start":{"line":50,"column":4},"end":{"line":50,"column":36}},"23":{"start":{"line":53,"column":27},"end":{"line":55,"column":3}},"24":{"start":{"line":54,"column":4},"end":{"line":54,"column":32}},"25":{"start":{"line":57,"column":29},"end":{"line":59,"column":3}},"26":{"start":{"line":58,"column":4},"end":{"line":58,"column":22}},"27":{"start":{"line":61,"column":2},"end":{"line":63,"column":3}},"28":{"start":{"line":62,"column":4},"end":{"line":62,"column":15}},"29":{"start":{"line":65,"column":2},"end":{"line":201,"column":3}},"30":{"start":{"line":70,"column":57},"end":{"line":70,"column":79}},"31":{"start":{"line":189,"column":23},"end":{"line":189,"column":56}},"32":{"start":{"line":196,"column":23},"end":{"line":196,"column":52}}},"fnMap":{"0":{"name":"StaffDetails","decl":{"start":{"line":10,"column":9},"end":{"line":10,"column":21}},"loc":{"start":{"line":10,"column":24},"end":{"line":202,"column":1}},"line":10},"1":{"name":"(anonymous_1)","decl":{"start":{"line":19,"column":39},"end":{"line":19,"column":40}},"loc":{"start":{"line":19,"column":51},"end":{"line":38,"column":3}},"line":19},"2":{"name":"(anonymous_2)","decl":{"start":{"line":40,"column":12},"end":{"line":40,"column":13}},"loc":{"start":{"line":40,"column":18},"end":{"line":47,"column":3}},"line":40},"3":{"name":"(anonymous_3)","decl":{"start":{"line":49,"column":31},"end":{"line":49,"column":32}},"loc":{"start":{"line":49,"column":37},"end":{"line":51,"column":3}},"line":49},"4":{"name":"(anonymous_4)","decl":{"start":{"line":53,"column":27},"end":{"line":53,"column":28}},"loc":{"start":{"line":53,"column":33},"end":{"line":55,"column":3}},"line":53},"5":{"name":"(anonymous_5)","decl":{"start":{"line":57,"column":29},"end":{"line":57,"column":30}},"loc":{"start":{"line":57,"column":35},"end":{"line":59,"column":3}},"line":57},"6":{"name":"(anonymous_6)","decl":{"start":{"line":70,"column":51},"end":{"line":70,"column":52}},"loc":{"start":{"line":70,"column":57},"end":{"line":70,"column":79}},"line":70},"7":{"name":"(anonymous_7)","decl":{"start":{"line":189,"column":17},"end":{"line":189,"column":18}},"loc":{"start":{"line":189,"column":23},"end":{"line":189,"column":56}},"line":189},"8":{"name":"(anonymous_8)","decl":{"start":{"line":196,"column":17},"end":{"line":196,"column":18}},"loc":{"start":{"line":196,"column":23},"end":{"line":196,"column":52}},"line":196}},"branchMap":{"0":{"loc":{"start":{"line":32,"column":21},"end":{"line":32,"column":56}},"type":"binary-expr","locations":[{"start":{"line":32,"column":21},"end":{"line":32,"column":39}},{"start":{"line":32,"column":43},"end":{"line":32,"column":56}}],"line":32},"1":{"loc":{"start":{"line":41,"column":4},"end":{"line":44,"column":5}},"type":"if","locations":[{"start":{"line":41,"column":4},"end":{"line":44,"column":5}},{"start":{},"end":{}}],"line":41},"2":{"loc":{"start":{"line":61,"column":2},"end":{"line":63,"column":3}},"type":"if","locations":[{"start":{"line":61,"column":2},"end":{"line":63,"column":3}},{"start":{},"end":{}}],"line":61},"3":{"loc":{"start":{"line":86,"column":44},"end":{"line":86,"column":69}},"type":"binary-expr","locations":[{"start":{"line":86,"column":44},"end":{"line":86,"column":57}},{"start":{"line":86,"column":61},"end":{"line":86,"column":69}}],"line":86},"4":{"loc":{"start":{"line":90,"column":44},"end":{"line":90,"column":72}},"type":"binary-expr","locations":[{"start":{"line":90,"column":44},"end":{"line":90,"column":54}},{"start":{"line":90,"column":58},"end":{"line":90,"column":72}}],"line":90},"5":{"loc":{"start":{"line":94,"column":56},"end":{"line":94,"column":76}},"type":"binary-expr","locations":[{"start":{"line":94,"column":56},"end":{"line":94,"column":67}},{"start":{"line":94,"column":71},"end":{"line":94,"column":76}}],"line":94},"6":{"loc":{"start":{"line":98,"column":44},"end":{"line":98,"column":64}},"type":"binary-expr","locations":[{"start":{"line":98,"column":44},"end":{"line":98,"column":55}},{"start":{"line":98,"column":59},"end":{"line":98,"column":64}}],"line":98},"7":{"loc":{"start":{"line":111,"column":15},"end":{"line":138,"column":15}},"type":"cond-expr","locations":[{"start":{"line":112,"column":16},"end":{"line":112,"column":33}},{"start":{"line":113,"column":18},"end":{"line":138,"column":15}}],"line":111},"8":{"loc":{"start":{"line":113,"column":18},"end":{"line":138,"column":15}},"type":"cond-expr","locations":[{"start":{"line":114,"column":16},"end":{"line":135,"column":22}},{"start":{"line":137,"column":16},"end":{"line":137,"column":40}}],"line":113},"9":{"loc":{"start":{"line":117,"column":29},"end":{"line":117,"column":67}},"type":"binary-expr","locations":[{"start":{"line":117,"column":29},"end":{"line":117,"column":62}},{"start":{"line":117,"column":66},"end":{"line":117,"column":67}}],"line":117},"10":{"loc":{"start":{"line":121,"column":29},"end":{"line":121,"column":65}},"type":"binary-expr","locations":[{"start":{"line":121,"column":29},"end":{"line":121,"column":60}},{"start":{"line":121,"column":64},"end":{"line":121,"column":65}}],"line":121},"11":{"loc":{"start":{"line":125,"column":29},"end":{"line":125,"column":64}},"type":"binary-expr","locations":[{"start":{"line":125,"column":29},"end":{"line":125,"column":59}},{"start":{"line":125,"column":63},"end":{"line":125,"column":64}}],"line":125},"12":{"loc":{"start":{"line":129,"column":29},"end":{"line":129,"column":63}},"type":"binary-expr","locations":[{"start":{"line":129,"column":29},"end":{"line":129,"column":58}},{"start":{"line":129,"column":62},"end":{"line":129,"column":63}}],"line":129},"13":{"loc":{"start":{"line":133,"column":29},"end":{"line":133,"column":75}},"type":"binary-expr","locations":[{"start":{"line":133,"column":29},"end":{"line":133,"column":67}},{"start":{"line":133,"column":71},"end":{"line":133,"column":75}}],"line":133},"14":{"loc":{"start":{"line":148,"column":15},"end":{"line":169,"column":15}},"type":"cond-expr","locations":[{"start":{"line":149,"column":16},"end":{"line":149,"column":33}},{"start":{"line":150,"column":18},"end":{"line":169,"column":15}}],"line":148},"15":{"loc":{"start":{"line":150,"column":18},"end":{"line":169,"column":15}},"type":"cond-expr","locations":[{"start":{"line":151,"column":16},"end":{"line":166,"column":22}},{"start":{"line":168,"column":16},"end":{"line":168,"column":40}}],"line":150},"16":{"loc":{"start":{"line":154,"column":29},"end":{"line":154,"column":61}},"type":"binary-expr","locations":[{"start":{"line":154,"column":29},"end":{"line":154,"column":56}},{"start":{"line":154,"column":60},"end":{"line":154,"column":61}}],"line":154},"17":{"loc":{"start":{"line":159,"column":23},"end":{"line":159,"column":158}},"type":"binary-expr","locations":[{"start":{"line":159,"column":23},"end":{"line":159,"column":52}},{"start":{"line":159,"column":56},"end":{"line":159,"column":158}}],"line":159},"18":{"loc":{"start":{"line":159,"column":163},"end":{"line":159,"column":294}},"type":"binary-expr","locations":[{"start":{"line":159,"column":163},"end":{"line":159,"column":190}},{"start":{"line":159,"column":194},"end":{"line":159,"column":294}}],"line":159},"19":{"loc":{"start":{"line":164,"column":29},"end":{"line":164,"column":62}},"type":"binary-expr","locations":[{"start":{"line":164,"column":29},"end":{"line":164,"column":53}},{"start":{"line":164,"column":57},"end":{"line":164,"column":62}}],"line":164}},"s":{"0":26,"1":26,"2":26,"3":26,"4":26,"5":26,"6":26,"7":26,"8":13,"9":13,"10":13,"11":13,"12":11,"13":11,"14":1,"15":12,"16":26,"17":14,"18":1,"19":1,"20":13,"21":26,"22":0,"23":26,"24":0,"25":26,"26":0,"27":26,"28":1,"29":25,"30":1,"31":0,"32":0},"f":{"0":26,"1":13,"2":14,"3":0,"4":0,"5":0,"6":1,"7":0,"8":0},"b":{"0":[11,0],"1":[1,13],"2":[1,25],"3":[25,0],"4":[25,0],"5":[25,0],"6":[25,0],"7":[13,12],"8":[11,1],"9":[11,1],"10":[11,1],"11":[11,1],"12":[11,1],"13":[11,1],"14":[13,12],"15":[11,1],"16":[11,1],"17":[11,10],"18":[11,10],"19":[11,0]},"_coverageSchema":"1a1c01bbd47fc00a2c39e90264f33305004495a9","hash":"559b12deeedd093cb2ff7101a03d3d4076c65d61"}
}
