TN:
SF:src/App.jsx
FN:7,App
FNF:1
FNH:1
FNDA:2,App
DA:8,2
LF:1
LH:1
BRF:0
BRH:0
end_of_record
TN:
SF:src/components/AddStaffModal.jsx
FN:7,AddStaffModal
FN:17,(anonymous_1)
FN:90,(anonymous_2)
FN:104,(anonymous_3)
FN:116,(anonymous_4)
FN:134,(anonymous_5)
FN:147,(anonymous_6)
FNF:7
FNH:1
FNDA:36,AddStaffModal
FNDA:0,(anonymous_1)
FNDA:0,(anonymous_2)
FNDA:0,(anonymous_3)
FNDA:0,(anonymous_4)
FNDA:0,(anonymous_5)
FNDA:0,(anonymous_6)
DA:8,36
DA:15,36
DA:17,36
DA:18,0
DA:19,0
DA:21,0
DA:22,0
DA:24,0
DA:32,0
DA:33,0
DA:36,0
DA:38,0
DA:49,0
DA:50,0
DA:51,0
DA:58,0
DA:59,0
DA:61,0
DA:62,0
DA:63,0
DA:65,0
DA:69,36
DA:71,0
DA:90,0
DA:104,0
DA:116,0
DA:134,0
DA:147,0
LF:28
LH:4
BRDA:32,0,0,0
BRDA:32,0,1,0
BRDA:63,1,0,0
BRDA:63,1,1,0
BRDA:63,1,2,0
BRDA:69,2,0,36
BRDA:69,2,1,0
BRDA:163,3,0,0
BRDA:163,3,1,0
BRF:9
BRH:1
end_of_record
TN:
SF:src/components/ApplyLeaveModal.jsx
FN:7,ApplyLeaveModal
FN:12,(anonymous_1)
FN:50,(anonymous_2)
FN:67,(anonymous_3)
FN:75,(anonymous_4)
FNF:5
FNH:4
FNDA:44,ApplyLeaveModal
FNDA:5,(anonymous_1)
FNDA:6,(anonymous_2)
FNDA:0,(anonymous_3)
FNDA:4,(anonymous_4)
DA:8,44
DA:9,44
DA:10,44
DA:12,44
DA:13,5
DA:14,1
DA:15,1
DA:18,4
DA:19,4
DA:20,4
DA:21,4
DA:34,2
DA:35,2
DA:36,2
DA:37,2
DA:39,1
DA:40,1
DA:42,3
DA:46,44
DA:48,18
DA:50,6
DA:67,0
DA:75,4
LF:23
LH:22
BRDA:13,0,0,1
BRDA:13,0,1,4
BRDA:46,1,0,26
BRDA:46,1,1,18
BRDA:87,2,0,4
BRDA:87,2,1,14
BRF:6
BRH:6
end_of_record
TN:
SF:src/components/EditStaffModal.jsx
FN:7,EditStaffModal
FN:14,(anonymous_1)
FN:23,(anonymous_2)
FN:54,(anonymous_3)
FN:71,(anonymous_4)
FN:80,(anonymous_5)
FNF:6
FNH:5
FNDA:71,EditStaffModal
FNDA:27,(anonymous_1)
FNDA:5,(anonymous_2)
FNDA:6,(anonymous_3)
FNDA:0,(anonymous_4)
FNDA:3,(anonymous_5)
DA:8,71
DA:12,71
DA:14,71
DA:15,27
DA:16,13
DA:23,71
DA:24,5
DA:25,5
DA:26,5
DA:27,5
DA:39,3
DA:40,3
DA:41,3
DA:43,1
DA:44,1
DA:46,4
DA:50,71
DA:52,35
DA:54,6
DA:71,0
DA:80,3
LF:21
LH:20
BRDA:15,0,0,13
BRDA:15,0,1,14
BRDA:17,1,0,13
BRDA:17,1,1,2
BRDA:18,2,0,13
BRDA:18,2,1,0
BRDA:50,3,0,36
BRDA:50,3,1,35
BRDA:64,4,0,35
BRDA:64,4,1,0
BRDA:95,5,0,5
BRDA:95,5,1,30
BRF:12
BRH:10
end_of_record
TN:
SF:src/components/LoginCard.jsx
FN:8,LoginCard
FN:19,(anonymous_1)
FN:34,(anonymous_2)
FN:46,(anonymous_3)
FN:58,(anonymous_4)
FN:172,(anonymous_5)
FN:177,(anonymous_6)
FN:195,(anonymous_7)
FN:200,(anonymous_8)
FN:206,(anonymous_9)
FN:241,(anonymous_10)
FNF:11
FNH:8
FNDA:21,LoginCard
FNDA:7,(anonymous_1)
FNDA:4,(anonymous_2)
FNDA:4,(anonymous_3)
FNDA:4,(anonymous_4)
FNDA:3,(anonymous_5)
FNDA:0,(anonymous_6)
FNDA:3,(anonymous_7)
FNDA:0,(anonymous_8)
FNDA:1,(anonymous_9)
FNDA:0,(anonymous_10)
DA:9,21
DA:10,21
DA:11,21
DA:12,21
DA:13,21
DA:14,21
DA:15,21
DA:16,21
DA:17,21
DA:19,21
DA:21,7
DA:22,7
DA:23,1
DA:27,7
DA:28,7
DA:29,0
DA:30,0
DA:34,21
DA:35,4
DA:36,1
DA:37,1
DA:38,3
DA:39,0
DA:40,0
DA:42,3
DA:43,3
DA:46,21
DA:47,4
DA:48,1
DA:49,1
DA:50,3
DA:51,0
DA:52,0
DA:54,3
DA:55,3
DA:58,21
DA:59,4
DA:60,4
DA:62,4
DA:65,4
DA:66,4
DA:68,4
DA:70,4
DA:71,1
DA:72,1
DA:75,3
DA:76,3
DA:77,3
DA:78,3
DA:80,3
DA:84,3
DA:86,3
DA:87,3
DA:93,1
DA:94,1
DA:97,1
DA:98,1
DA:99,1
DA:106,1
DA:107,1
DA:109,1
DA:110,1
DA:113,1
DA:114,0
DA:116,1
DA:119,1
DA:120,1
DA:122,0
DA:123,0
DA:127,1
DA:128,1
DA:129,1
DA:131,1
DA:132,0
DA:134,0
DA:137,0
DA:140,2
DA:144,21
DA:173,3
DA:174,3
DA:175,3
DA:177,0
DA:196,3
DA:197,3
DA:198,3
DA:200,0
DA:206,1
DA:241,0
LF:88
LH:73
BRDA:22,0,0,1
BRDA:22,0,1,6
BRDA:28,1,0,0
BRDA:28,1,1,7
BRDA:35,2,0,1
BRDA:35,2,1,3
BRDA:38,3,0,0
BRDA:38,3,1,3
BRDA:47,4,0,1
BRDA:47,4,1,3
BRDA:50,5,0,0
BRDA:50,5,1,3
BRDA:70,6,0,1
BRDA:70,6,1,3
BRDA:70,7,0,4
BRDA:70,7,1,3
BRDA:97,8,0,1
BRDA:97,8,1,0
BRDA:97,9,0,1
BRDA:97,9,1,1
BRDA:113,10,0,0
BRDA:113,10,1,1
BRDA:129,11,0,1
BRDA:129,11,1,0
BRDA:131,12,0,1
BRDA:131,12,1,0
BRDA:132,13,0,0
BRDA:132,13,1,0
BRDA:160,14,0,21
BRDA:160,14,1,1
BRDA:179,15,0,1
BRDA:179,15,1,20
BRDA:181,16,0,21
BRDA:181,16,1,1
BRDA:193,17,0,1
BRDA:193,17,1,20
BRDA:202,18,0,1
BRDA:202,18,1,20
BRDA:208,19,0,1
BRDA:208,19,1,20
BRDA:210,20,0,1
BRDA:210,20,1,20
BRDA:213,21,0,21
BRDA:213,21,1,1
BRDA:226,22,0,3
BRDA:226,22,1,18
BRF:46
BRH:37
end_of_record
TN:
SF:src/components/MarkAttendanceModal.jsx
FN:7,MarkAttendanceModal
FN:11,(anonymous_1)
FN:43,(anonymous_2)
FN:60,(anonymous_3)
FNF:4
FNH:3
FNDA:38,MarkAttendanceModal
FNDA:3,(anonymous_1)
FNDA:4,(anonymous_2)
FNDA:0,(anonymous_3)
DA:8,38
DA:9,38
DA:11,38
DA:12,3
DA:13,3
DA:14,3
DA:15,3
DA:28,1
DA:29,1
DA:30,1
DA:32,1
DA:33,1
DA:35,2
DA:39,38
DA:41,12
DA:43,4
DA:60,0
LF:17
LH:16
BRDA:39,0,0,26
BRDA:39,0,1,12
BRDA:71,1,0,3
BRDA:71,1,1,9
BRF:4
BRH:4
end_of_record
TN:
SF:src/components/ProtectedRoute.jsx
FN:4,ProtectedRoute
FNF:1
FNH:1
FNDA:3,ProtectedRoute
DA:5,3
DA:7,3
DA:8,2
DA:11,1
DA:14,2
LF:5
LH:5
BRDA:7,0,0,2
BRDA:7,0,1,1
BRF:2
BRH:2
end_of_record
TN:
SF:src/config/api.js
FNF:0
FNH:0
DA:2,0
LF:1
LH:0
BRDA:2,0,0,0
BRDA:2,0,1,0
BRF:2
BRH:0
end_of_record
TN:
SF:src/pages/Dashboard.jsx
FN:10,Dashboard
FN:24,(anonymous_1)
FN:90,(anonymous_2)
FN:109,(anonymous_3)
FN:116,(anonymous_4)
FN:123,(anonymous_5)
FN:128,(anonymous_6)
FN:133,(anonymous_7)
FN:208,(anonymous_8)
FN:219,(anonymous_9)
FN:256,(anonymous_10)
FN:263,(anonymous_11)
FN:269,(anonymous_12)
FN:278,(anonymous_13)
FN:312,(anonymous_14)
FN:329,(anonymous_15)
FN:338,(anonymous_16)
FN:356,(anonymous_17)
FN:365,(anonymous_18)
FNF:19
FNH:16
FNDA:50,Dashboard
FNDA:30,(anonymous_1)
FNDA:16,(anonymous_2)
FNDA:14,(anonymous_3)
FNDA:1,(anonymous_4)
FNDA:2,(anonymous_5)
FNDA:1,(anonymous_6)
FNDA:42,(anonymous_7)
FNDA:88,(anonymous_8)
FNDA:1,(anonymous_9)
FNDA:1,(anonymous_10)
FNDA:0,(anonymous_11)
FNDA:1,(anonymous_12)
FNDA:0,(anonymous_13)
FNDA:37,(anonymous_14)
FNDA:2,(anonymous_15)
FNDA:1,(anonymous_16)
FNDA:1,(anonymous_17)
FNDA:0,(anonymous_18)
DA:11,50
DA:12,49
DA:13,49
DA:14,49
DA:15,49
DA:16,49
DA:17,49
DA:18,49
DA:19,49
DA:20,49
DA:21,49
DA:22,49
DA:24,49
DA:25,30
DA:26,30
DA:27,30
DA:28,30
DA:30,2
DA:31,2
DA:33,30
DA:38,25
DA:41,24
DA:42,24
DA:43,24
DA:44,24
DA:47,24
DA:49,24
DA:50,24
DA:52,24
DA:53,24
DA:57,24
DA:58,2
DA:60,22
DA:64,0
DA:65,0
DA:69,24
DA:72,24
DA:73,24
DA:74,0
DA:76,0
DA:78,0
DA:79,0
DA:82,2
DA:83,2
DA:84,2
DA:86,26
DA:90,49
DA:92,16
DA:93,16
DA:95,16
DA:96,1
DA:97,1
DA:100,15
DA:101,15
DA:105,15
DA:109,49
DA:110,14
DA:111,14
DA:112,14
DA:116,49
DA:117,1
DA:118,1
DA:119,1
DA:120,1
DA:123,49
DA:124,2
DA:125,2
DA:128,49
DA:129,1
DA:130,1
DA:133,49
DA:135,42
DA:136,2
DA:138,2
DA:144,2
DA:147,41
DA:150,49
DA:151,13
DA:158,36
DA:209,88
DA:210,88
DA:212,22
DA:214,22
DA:220,1
DA:256,1
DA:263,0
DA:269,1
DA:278,0
DA:313,37
DA:329,2
DA:338,1
DA:357,1
DA:358,1
DA:365,0
LF:94
LH:85
BRDA:28,0,0,2
BRDA:28,0,1,28
BRDA:41,1,0,24
BRDA:41,1,1,0
BRDA:49,2,0,24
BRDA:49,2,1,0
BRDA:49,3,0,24
BRDA:49,3,1,24
BRDA:52,4,0,24
BRDA:52,4,1,0
BRDA:57,5,0,2
BRDA:57,5,1,22
BRDA:57,6,0,24
BRDA:57,6,1,2
BRDA:69,7,0,24
BRDA:69,7,1,0
BRDA:69,7,2,0
BRDA:69,7,3,0
BRDA:72,8,0,24
BRDA:72,8,1,0
BRDA:74,9,0,0
BRDA:74,9,1,0
BRDA:95,10,0,1
BRDA:95,10,1,15
BRDA:100,11,0,15
BRDA:100,11,1,0
BRDA:111,12,0,14
BRDA:111,12,1,0
BRDA:111,13,0,14
BRDA:111,13,1,14
BRDA:133,14,0,49
BRDA:133,14,1,0
BRDA:135,15,0,2
BRDA:135,15,1,40
BRDA:138,16,0,2
BRDA:138,16,1,1
BRDA:138,16,2,1
BRDA:138,16,3,1
BRDA:138,16,4,1
BRDA:144,17,0,1
BRDA:144,17,1,1
BRDA:150,18,0,13
BRDA:150,18,1,36
BRDA:171,19,0,36
BRDA:171,19,1,0
BRDA:171,19,2,0
BRDA:197,20,0,36
BRDA:197,20,1,22
BRDA:210,21,0,66
BRDA:210,21,1,22
BRDA:212,22,0,22
BRDA:212,22,1,1
BRDA:218,23,0,1
BRDA:218,23,1,21
BRDA:286,24,0,15
BRDA:286,24,1,21
BRDA:291,25,0,2
BRDA:291,25,1,19
BRDA:295,26,0,0
BRDA:295,26,1,19
BRDA:314,27,0,37
BRDA:314,27,1,37
BRDA:315,28,0,37
BRDA:315,28,1,0
BRDA:315,28,2,0
BRDA:318,29,0,37
BRDA:318,29,1,0
BRDA:321,30,0,37
BRDA:321,30,1,0
BRDA:321,30,2,0
BRDA:324,31,0,37
BRDA:324,31,1,0
BRDA:338,32,0,1
BRDA:338,32,1,0
BRF:74
BRH:52
end_of_record
TN:
SF:src/pages/LoginPage.jsx
FN:6,LoginPage
FN:9,(anonymous_1)
FNF:2
FNH:2
FNDA:4,LoginPage
FNDA:4,(anonymous_1)
DA:7,4
DA:9,4
DA:11,4
DA:12,4
DA:13,1
DA:17,4
LF:6
LH:6
BRDA:12,0,0,1
BRDA:12,0,1,3
BRF:2
BRH:2
end_of_record
TN:
SF:src/pages/StaffDetails.jsx
FN:10,StaffDetails
FN:19,(anonymous_1)
FN:40,(anonymous_2)
FN:49,(anonymous_3)
FN:53,(anonymous_4)
FN:57,(anonymous_5)
FN:70,(anonymous_6)
FN:189,(anonymous_7)
FN:196,(anonymous_8)
FNF:9
FNH:4
FNDA:26,StaffDetails
FNDA:13,(anonymous_1)
FNDA:14,(anonymous_2)
FNDA:0,(anonymous_3)
FNDA:0,(anonymous_4)
FNDA:0,(anonymous_5)
FNDA:1,(anonymous_6)
FNDA:0,(anonymous_7)
FNDA:0,(anonymous_8)
DA:11,26
DA:12,26
DA:13,26
DA:14,26
DA:15,26
DA:16,26
DA:17,26
DA:19,26
DA:20,13
DA:21,13
DA:22,13
DA:23,13
DA:31,11
DA:32,11
DA:34,1
DA:36,12
DA:40,26
DA:41,14
DA:42,1
DA:43,1
DA:46,13
DA:49,26
DA:50,0
DA:53,26
DA:54,0
DA:57,26
DA:58,0
DA:61,26
DA:62,1
DA:65,25
DA:70,1
DA:189,0
DA:196,0
LF:33
LH:28
BRDA:32,0,0,11
BRDA:32,0,1,0
BRDA:41,1,0,1
BRDA:41,1,1,13
BRDA:61,2,0,1
BRDA:61,2,1,25
BRDA:86,3,0,25
BRDA:86,3,1,0
BRDA:90,4,0,25
BRDA:90,4,1,0
BRDA:94,5,0,25
BRDA:94,5,1,0
BRDA:98,6,0,25
BRDA:98,6,1,0
BRDA:111,7,0,13
BRDA:111,7,1,12
BRDA:113,8,0,11
BRDA:113,8,1,1
BRDA:117,9,0,11
BRDA:117,9,1,1
BRDA:121,10,0,11
BRDA:121,10,1,1
BRDA:125,11,0,11
BRDA:125,11,1,1
BRDA:129,12,0,11
BRDA:129,12,1,1
BRDA:133,13,0,11
BRDA:133,13,1,1
BRDA:148,14,0,13
BRDA:148,14,1,12
BRDA:150,15,0,11
BRDA:150,15,1,1
BRDA:154,16,0,11
BRDA:154,16,1,1
BRDA:159,17,0,11
BRDA:159,17,1,10
BRDA:159,18,0,11
BRDA:159,18,1,10
BRDA:164,19,0,11
BRDA:164,19,1,0
BRF:40
BRH:34
end_of_record
