TN:
SF:src/App.jsx
FN:7,App
FNF:1
FNH:1
FNDA:2,App
DA:8,2
LF:1
LH:1
BRF:0
BRH:0
end_of_record
TN:
SF:src/components/AddStaffModal.jsx
FN:6,AddStaffModal
FN:16,(anonymous_1)
FN:89,(anonymous_2)
FN:103,(anonymous_3)
FN:115,(anonymous_4)
FN:133,(anonymous_5)
FN:146,(anonymous_6)
FNF:7
FNH:1
FNDA:36,AddStaffModal
FNDA:0,(anonymous_1)
FNDA:0,(anonymous_2)
FNDA:0,(anonymous_3)
FNDA:0,(anonymous_4)
FNDA:0,(anonymous_5)
FNDA:0,(anonymous_6)
DA:7,36
DA:14,36
DA:16,36
DA:17,0
DA:18,0
DA:20,0
DA:21,0
DA:23,0
DA:31,0
DA:32,0
DA:35,0
DA:37,0
DA:48,0
DA:49,0
DA:50,0
DA:57,0
DA:58,0
DA:60,0
DA:61,0
DA:62,0
DA:64,0
DA:68,36
DA:70,0
DA:89,0
DA:103,0
DA:115,0
DA:133,0
DA:146,0
LF:28
LH:4
BRDA:31,0,0,0
BRDA:31,0,1,0
BRDA:62,1,0,0
BRDA:62,1,1,0
BRDA:62,1,2,0
BRDA:68,2,0,36
BRDA:68,2,1,0
BRDA:162,3,0,0
BRDA:162,3,1,0
BRF:9
BRH:1
end_of_record
TN:
SF:src/components/ApplyLeaveModal.jsx
FN:6,ApplyLeaveModal
FN:11,(anonymous_1)
FN:49,(anonymous_2)
FN:66,(anonymous_3)
FN:74,(anonymous_4)
FNF:5
FNH:4
FNDA:44,ApplyLeaveModal
FNDA:5,(anonymous_1)
FNDA:6,(anonymous_2)
FNDA:0,(anonymous_3)
FNDA:4,(anonymous_4)
DA:7,44
DA:8,44
DA:9,44
DA:11,44
DA:12,5
DA:13,1
DA:14,1
DA:17,4
DA:18,4
DA:19,4
DA:20,4
DA:33,2
DA:34,2
DA:35,2
DA:36,2
DA:38,1
DA:39,1
DA:41,3
DA:45,44
DA:47,18
DA:49,6
DA:66,0
DA:74,4
LF:23
LH:22
BRDA:12,0,0,1
BRDA:12,0,1,4
BRDA:45,1,0,26
BRDA:45,1,1,18
BRDA:86,2,0,4
BRDA:86,2,1,14
BRF:6
BRH:6
end_of_record
TN:
SF:src/components/EditStaffModal.jsx
FN:6,EditStaffModal
FN:13,(anonymous_1)
FN:22,(anonymous_2)
FN:53,(anonymous_3)
FN:70,(anonymous_4)
FN:79,(anonymous_5)
FNF:6
FNH:5
FNDA:71,EditStaffModal
FNDA:27,(anonymous_1)
FNDA:5,(anonymous_2)
FNDA:6,(anonymous_3)
FNDA:0,(anonymous_4)
FNDA:3,(anonymous_5)
DA:7,71
DA:11,71
DA:13,71
DA:14,27
DA:15,13
DA:22,71
DA:23,5
DA:24,5
DA:25,5
DA:26,5
DA:38,3
DA:39,3
DA:40,3
DA:42,1
DA:43,1
DA:45,4
DA:49,71
DA:51,35
DA:53,6
DA:70,0
DA:79,3
LF:21
LH:20
BRDA:14,0,0,13
BRDA:14,0,1,14
BRDA:16,1,0,13
BRDA:16,1,1,2
BRDA:17,2,0,13
BRDA:17,2,1,0
BRDA:49,3,0,36
BRDA:49,3,1,35
BRDA:63,4,0,35
BRDA:63,4,1,0
BRDA:94,5,0,5
BRDA:94,5,1,30
BRF:12
BRH:10
end_of_record
TN:
SF:src/components/LoginCard.jsx
FN:7,LoginCard
FN:18,(anonymous_1)
FN:33,(anonymous_2)
FN:45,(anonymous_3)
FN:57,(anonymous_4)
FN:171,(anonymous_5)
FN:176,(anonymous_6)
FN:194,(anonymous_7)
FN:199,(anonymous_8)
FN:205,(anonymous_9)
FN:240,(anonymous_10)
FNF:11
FNH:8
FNDA:21,LoginCard
FNDA:7,(anonymous_1)
FNDA:4,(anonymous_2)
FNDA:4,(anonymous_3)
FNDA:4,(anonymous_4)
FNDA:3,(anonymous_5)
FNDA:0,(anonymous_6)
FNDA:3,(anonymous_7)
FNDA:0,(anonymous_8)
FNDA:1,(anonymous_9)
FNDA:0,(anonymous_10)
DA:8,21
DA:9,21
DA:10,21
DA:11,21
DA:12,21
DA:13,21
DA:14,21
DA:15,21
DA:16,21
DA:18,21
DA:20,7
DA:21,7
DA:22,1
DA:26,7
DA:27,7
DA:28,0
DA:29,0
DA:33,21
DA:34,4
DA:35,1
DA:36,1
DA:37,3
DA:38,0
DA:39,0
DA:41,3
DA:42,3
DA:45,21
DA:46,4
DA:47,1
DA:48,1
DA:49,3
DA:50,0
DA:51,0
DA:53,3
DA:54,3
DA:57,21
DA:58,4
DA:59,4
DA:61,4
DA:64,4
DA:65,4
DA:67,4
DA:69,4
DA:70,1
DA:71,1
DA:74,3
DA:75,3
DA:76,3
DA:77,3
DA:79,3
DA:83,3
DA:85,3
DA:86,3
DA:92,1
DA:93,1
DA:96,1
DA:97,1
DA:98,1
DA:105,1
DA:106,1
DA:108,1
DA:109,1
DA:112,1
DA:113,0
DA:115,1
DA:118,1
DA:119,1
DA:121,0
DA:122,0
DA:126,1
DA:127,1
DA:128,1
DA:130,1
DA:131,0
DA:133,0
DA:136,0
DA:139,2
DA:143,21
DA:172,3
DA:173,3
DA:174,3
DA:176,0
DA:195,3
DA:196,3
DA:197,3
DA:199,0
DA:205,1
DA:240,0
LF:88
LH:73
BRDA:21,0,0,1
BRDA:21,0,1,6
BRDA:27,1,0,0
BRDA:27,1,1,7
BRDA:34,2,0,1
BRDA:34,2,1,3
BRDA:37,3,0,0
BRDA:37,3,1,3
BRDA:46,4,0,1
BRDA:46,4,1,3
BRDA:49,5,0,0
BRDA:49,5,1,3
BRDA:69,6,0,1
BRDA:69,6,1,3
BRDA:69,7,0,4
BRDA:69,7,1,3
BRDA:96,8,0,1
BRDA:96,8,1,0
BRDA:96,9,0,1
BRDA:96,9,1,1
BRDA:112,10,0,0
BRDA:112,10,1,1
BRDA:128,11,0,1
BRDA:128,11,1,0
BRDA:130,12,0,1
BRDA:130,12,1,0
BRDA:131,13,0,0
BRDA:131,13,1,0
BRDA:159,14,0,21
BRDA:159,14,1,1
BRDA:178,15,0,1
BRDA:178,15,1,20
BRDA:180,16,0,21
BRDA:180,16,1,1
BRDA:192,17,0,1
BRDA:192,17,1,20
BRDA:201,18,0,1
BRDA:201,18,1,20
BRDA:207,19,0,1
BRDA:207,19,1,20
BRDA:209,20,0,1
BRDA:209,20,1,20
BRDA:212,21,0,21
BRDA:212,21,1,1
BRDA:225,22,0,3
BRDA:225,22,1,18
BRF:46
BRH:37
end_of_record
TN:
SF:src/components/MarkAttendanceModal.jsx
FN:6,MarkAttendanceModal
FN:10,(anonymous_1)
FN:42,(anonymous_2)
FN:59,(anonymous_3)
FNF:4
FNH:3
FNDA:38,MarkAttendanceModal
FNDA:3,(anonymous_1)
FNDA:4,(anonymous_2)
FNDA:0,(anonymous_3)
DA:7,38
DA:8,38
DA:10,38
DA:11,3
DA:12,3
DA:13,3
DA:14,3
DA:27,1
DA:28,1
DA:29,1
DA:31,1
DA:32,1
DA:34,2
DA:38,38
DA:40,12
DA:42,4
DA:59,0
LF:17
LH:16
BRDA:38,0,0,26
BRDA:38,0,1,12
BRDA:70,1,0,3
BRDA:70,1,1,9
BRF:4
BRH:4
end_of_record
TN:
SF:src/components/ProtectedRoute.jsx
FN:4,ProtectedRoute
FNF:1
FNH:1
FNDA:3,ProtectedRoute
DA:5,3
DA:7,3
DA:8,2
DA:11,1
DA:14,2
LF:5
LH:5
BRDA:7,0,0,2
BRDA:7,0,1,1
BRF:2
BRH:2
end_of_record
TN:
SF:src/pages/Dashboard.jsx
FN:9,Dashboard
FN:23,(anonymous_1)
FN:89,(anonymous_2)
FN:108,(anonymous_3)
FN:115,(anonymous_4)
FN:122,(anonymous_5)
FN:127,(anonymous_6)
FN:132,(anonymous_7)
FN:207,(anonymous_8)
FN:218,(anonymous_9)
FN:255,(anonymous_10)
FN:262,(anonymous_11)
FN:268,(anonymous_12)
FN:277,(anonymous_13)
FN:311,(anonymous_14)
FN:328,(anonymous_15)
FN:337,(anonymous_16)
FN:355,(anonymous_17)
FN:364,(anonymous_18)
FNF:19
FNH:16
FNDA:50,Dashboard
FNDA:30,(anonymous_1)
FNDA:16,(anonymous_2)
FNDA:14,(anonymous_3)
FNDA:1,(anonymous_4)
FNDA:2,(anonymous_5)
FNDA:1,(anonymous_6)
FNDA:42,(anonymous_7)
FNDA:88,(anonymous_8)
FNDA:1,(anonymous_9)
FNDA:1,(anonymous_10)
FNDA:0,(anonymous_11)
FNDA:1,(anonymous_12)
FNDA:0,(anonymous_13)
FNDA:37,(anonymous_14)
FNDA:2,(anonymous_15)
FNDA:1,(anonymous_16)
FNDA:1,(anonymous_17)
FNDA:0,(anonymous_18)
DA:10,50
DA:11,49
DA:12,49
DA:13,49
DA:14,49
DA:15,49
DA:16,49
DA:17,49
DA:18,49
DA:19,49
DA:20,49
DA:21,49
DA:23,49
DA:24,30
DA:25,30
DA:26,30
DA:27,30
DA:29,2
DA:30,2
DA:32,30
DA:37,25
DA:40,24
DA:41,24
DA:42,24
DA:43,24
DA:46,24
DA:48,24
DA:49,24
DA:51,24
DA:52,24
DA:56,24
DA:57,2
DA:59,22
DA:63,0
DA:64,0
DA:68,24
DA:71,24
DA:72,24
DA:73,0
DA:75,0
DA:77,0
DA:78,0
DA:81,2
DA:82,2
DA:83,2
DA:85,26
DA:89,49
DA:91,16
DA:92,16
DA:94,16
DA:95,1
DA:96,1
DA:99,15
DA:100,15
DA:104,15
DA:108,49
DA:109,14
DA:110,14
DA:111,14
DA:115,49
DA:116,1
DA:117,1
DA:118,1
DA:119,1
DA:122,49
DA:123,2
DA:124,2
DA:127,49
DA:128,1
DA:129,1
DA:132,49
DA:134,42
DA:135,2
DA:137,2
DA:143,2
DA:146,41
DA:149,49
DA:150,13
DA:157,36
DA:208,88
DA:209,88
DA:211,22
DA:213,22
DA:219,1
DA:255,1
DA:262,0
DA:268,1
DA:277,0
DA:312,37
DA:328,2
DA:337,1
DA:356,1
DA:357,1
DA:364,0
LF:94
LH:85
BRDA:27,0,0,2
BRDA:27,0,1,28
BRDA:40,1,0,24
BRDA:40,1,1,0
BRDA:48,2,0,24
BRDA:48,2,1,0
BRDA:48,3,0,24
BRDA:48,3,1,24
BRDA:51,4,0,24
BRDA:51,4,1,0
BRDA:56,5,0,2
BRDA:56,5,1,22
BRDA:56,6,0,24
BRDA:56,6,1,2
BRDA:68,7,0,24
BRDA:68,7,1,0
BRDA:68,7,2,0
BRDA:68,7,3,0
BRDA:71,8,0,24
BRDA:71,8,1,0
BRDA:73,9,0,0
BRDA:73,9,1,0
BRDA:94,10,0,1
BRDA:94,10,1,15
BRDA:99,11,0,15
BRDA:99,11,1,0
BRDA:110,12,0,14
BRDA:110,12,1,0
BRDA:110,13,0,14
BRDA:110,13,1,14
BRDA:132,14,0,49
BRDA:132,14,1,0
BRDA:134,15,0,2
BRDA:134,15,1,40
BRDA:137,16,0,2
BRDA:137,16,1,1
BRDA:137,16,2,1
BRDA:137,16,3,1
BRDA:137,16,4,1
BRDA:143,17,0,1
BRDA:143,17,1,1
BRDA:149,18,0,13
BRDA:149,18,1,36
BRDA:170,19,0,36
BRDA:170,19,1,0
BRDA:170,19,2,0
BRDA:196,20,0,36
BRDA:196,20,1,22
BRDA:209,21,0,66
BRDA:209,21,1,22
BRDA:211,22,0,22
BRDA:211,22,1,1
BRDA:217,23,0,1
BRDA:217,23,1,21
BRDA:285,24,0,15
BRDA:285,24,1,21
BRDA:290,25,0,2
BRDA:290,25,1,19
BRDA:294,26,0,0
BRDA:294,26,1,19
BRDA:313,27,0,37
BRDA:313,27,1,37
BRDA:314,28,0,37
BRDA:314,28,1,0
BRDA:314,28,2,0
BRDA:317,29,0,37
BRDA:317,29,1,0
BRDA:320,30,0,37
BRDA:320,30,1,0
BRDA:320,30,2,0
BRDA:323,31,0,37
BRDA:323,31,1,0
BRDA:337,32,0,1
BRDA:337,32,1,0
BRF:74
BRH:52
end_of_record
TN:
SF:src/pages/LoginPage.jsx
FN:6,LoginPage
FN:9,(anonymous_1)
FNF:2
FNH:2
FNDA:4,LoginPage
FNDA:4,(anonymous_1)
DA:7,4
DA:9,4
DA:11,4
DA:12,4
DA:13,1
DA:17,4
LF:6
LH:6
BRDA:12,0,0,1
BRDA:12,0,1,3
BRF:2
BRH:2
end_of_record
TN:
SF:src/pages/StaffDetails.jsx
FN:9,StaffDetails
FN:18,(anonymous_1)
FN:39,(anonymous_2)
FN:48,(anonymous_3)
FN:52,(anonymous_4)
FN:56,(anonymous_5)
FN:69,(anonymous_6)
FN:188,(anonymous_7)
FN:195,(anonymous_8)
FNF:9
FNH:4
FNDA:26,StaffDetails
FNDA:13,(anonymous_1)
FNDA:14,(anonymous_2)
FNDA:0,(anonymous_3)
FNDA:0,(anonymous_4)
FNDA:0,(anonymous_5)
FNDA:1,(anonymous_6)
FNDA:0,(anonymous_7)
FNDA:0,(anonymous_8)
DA:10,26
DA:11,26
DA:12,26
DA:13,26
DA:14,26
DA:15,26
DA:16,26
DA:18,26
DA:19,13
DA:20,13
DA:21,13
DA:22,13
DA:30,11
DA:31,11
DA:33,1
DA:35,12
DA:39,26
DA:40,14
DA:41,1
DA:42,1
DA:45,13
DA:48,26
DA:49,0
DA:52,26
DA:53,0
DA:56,26
DA:57,0
DA:60,26
DA:61,1
DA:64,25
DA:69,1
DA:188,0
DA:195,0
LF:33
LH:28
BRDA:31,0,0,11
BRDA:31,0,1,0
BRDA:40,1,0,1
BRDA:40,1,1,13
BRDA:60,2,0,1
BRDA:60,2,1,25
BRDA:85,3,0,25
BRDA:85,3,1,0
BRDA:89,4,0,25
BRDA:89,4,1,0
BRDA:93,5,0,25
BRDA:93,5,1,0
BRDA:97,6,0,25
BRDA:97,6,1,0
BRDA:110,7,0,13
BRDA:110,7,1,12
BRDA:112,8,0,11
BRDA:112,8,1,1
BRDA:116,9,0,11
BRDA:116,9,1,1
BRDA:120,10,0,11
BRDA:120,10,1,1
BRDA:124,11,0,11
BRDA:124,11,1,1
BRDA:128,12,0,11
BRDA:128,12,1,1
BRDA:132,13,0,11
BRDA:132,13,1,1
BRDA:147,14,0,13
BRDA:147,14,1,12
BRDA:149,15,0,11
BRDA:149,15,1,1
BRDA:153,16,0,11
BRDA:153,16,1,1
BRDA:158,17,0,11
BRDA:158,17,1,10
BRDA:158,18,0,11
BRDA:158,18,1,10
BRDA:163,19,0,11
BRDA:163,19,1,0
BRF:40
BRH:34
end_of_record
